29-Mar-2021 18:06:06.986 INFO [main] org.apache.catalina.startup.VersionLoggerListener.log Server version name:   Apache Tomcat/9.0.27
29-Mar-2021 18:06:07.002 INFO [main] org.apache.catalina.startup.VersionLoggerListener.log Server built:          Oct 7 2019 09:57:22 UTC
29-Mar-2021 18:06:07.002 INFO [main] org.apache.catalina.startup.VersionLoggerListener.log Server version number: 9.0.27.0
29-Mar-2021 18:06:07.002 INFO [main] org.apache.catalina.startup.VersionLoggerListener.log OS Name:               Windows 10
29-Mar-2021 18:06:07.002 INFO [main] org.apache.catalina.startup.VersionLoggerListener.log OS Version:            10.0
29-Mar-2021 18:06:07.002 INFO [main] org.apache.catalina.startup.VersionLoggerListener.log Architecture:          amd64
29-Mar-2021 18:06:07.002 INFO [main] org.apache.catalina.startup.VersionLoggerListener.log Java Home:             C:\Program Files\Java\jdk-13.0.1
29-Mar-2021 18:06:07.002 INFO [main] org.apache.catalina.startup.VersionLoggerListener.log JVM Version:           13.0.1+9
29-Mar-2021 18:06:07.002 INFO [main] org.apache.catalina.startup.VersionLoggerListener.log JVM Vendor:            Oracle Corporation
29-Mar-2021 18:06:07.002 INFO [main] org.apache.catalina.startup.VersionLoggerListener.log CATALINA_BASE:         C:\Users\Public\Documents\Contester\apache-tomcat-9.0.27
29-Mar-2021 18:06:07.002 INFO [main] org.apache.catalina.startup.VersionLoggerListener.log CATALINA_HOME:         C:\Users\Public\Documents\Contester\apache-tomcat-9.0.27
29-Mar-2021 18:06:07.017 INFO [main] org.apache.catalina.startup.VersionLoggerListener.log Command line argument: --add-opens=java.base/java.lang=ALL-UNNAMED
29-Mar-2021 18:06:07.017 INFO [main] org.apache.catalina.startup.VersionLoggerListener.log Command line argument: --add-opens=java.base/java.io=ALL-UNNAMED
29-Mar-2021 18:06:07.017 INFO [main] org.apache.catalina.startup.VersionLoggerListener.log Command line argument: --add-opens=java.rmi/sun.rmi.transport=ALL-UNNAMED
29-Mar-2021 18:06:07.017 INFO [main] org.apache.catalina.startup.VersionLoggerListener.log Command line argument: -Djava.util.logging.config.file=C:\Users\Public\Documents\Contester\apache-tomcat-9.0.27\conf\logging.properties
29-Mar-2021 18:06:07.017 INFO [main] org.apache.catalina.startup.VersionLoggerListener.log Command line argument: -Djava.util.logging.manager=org.apache.juli.ClassLoaderLogManager
29-Mar-2021 18:06:07.017 INFO [main] org.apache.catalina.startup.VersionLoggerListener.log Command line argument: -Djdk.tls.ephemeralDHKeySize=2048
29-Mar-2021 18:06:07.017 INFO [main] org.apache.catalina.startup.VersionLoggerListener.log Command line argument: -Djava.protocol.handler.pkgs=org.apache.catalina.webresources
29-Mar-2021 18:06:07.017 INFO [main] org.apache.catalina.startup.VersionLoggerListener.log Command line argument: -Dignore.endorsed.dirs=
29-Mar-2021 18:06:07.017 INFO [main] org.apache.catalina.startup.VersionLoggerListener.log Command line argument: -Dcatalina.base=C:\Users\Public\Documents\Contester\apache-tomcat-9.0.27
29-Mar-2021 18:06:07.017 INFO [main] org.apache.catalina.startup.VersionLoggerListener.log Command line argument: -Dcatalina.home=C:\Users\Public\Documents\Contester\apache-tomcat-9.0.27
29-Mar-2021 18:06:07.017 INFO [main] org.apache.catalina.startup.VersionLoggerListener.log Command line argument: -Djava.io.tmpdir=C:\Users\Public\Documents\Contester\apache-tomcat-9.0.27\temp
29-Mar-2021 18:06:07.017 INFO [main] org.apache.catalina.core.AprLifecycleListener.lifecycleEvent Loaded APR based Apache Tomcat Native library [1.2.23] using APR version [1.7.0].
29-Mar-2021 18:06:07.017 INFO [main] org.apache.catalina.core.AprLifecycleListener.lifecycleEvent APR capabilities: IPv6 [true], sendfile [true], accept filters [false], random [true].
29-Mar-2021 18:06:07.017 INFO [main] org.apache.catalina.core.AprLifecycleListener.lifecycleEvent APR/OpenSSL configuration: useAprConnector [false], useOpenSSL [true]
29-Mar-2021 18:06:07.048 INFO [main] org.apache.catalina.core.AprLifecycleListener.initializeSSL OpenSSL successfully initialized [OpenSSL 1.1.1c  28 May 2019]
29-Mar-2021 18:06:07.345 INFO [main] org.apache.coyote.AbstractProtocol.init Initializing ProtocolHandler ["http-nio-8080"]
29-Mar-2021 18:06:07.678 INFO [main] org.apache.coyote.AbstractProtocol.init Initializing ProtocolHandler ["ajp-nio-8009"]
29-Mar-2021 18:06:07.686 INFO [main] org.apache.catalina.startup.Catalina.load Server initialization in [990] milliseconds
29-Mar-2021 18:06:07.736 INFO [main] org.apache.catalina.core.StandardService.startInternal Starting service [Catalina]
29-Mar-2021 18:06:07.736 INFO [main] org.apache.catalina.core.StandardEngine.startInternal Starting Servlet engine: [Apache Tomcat/9.0.27]
29-Mar-2021 18:06:07.751 INFO [main] org.apache.catalina.startup.HostConfig.deployDirectory Установка веб приложения в папку [C:\Users\Public\Documents\Contester\apache-tomcat-9.0.27\webapps\Contester]
29-Mar-2021 18:06:08.490 INFO [main] org.apache.jasper.servlet.TldScanner.scanJars At least one JAR was scanned for TLDs yet contained no TLDs. Enable debug logging for this logger for a complete list of JARs that were scanned but no TLDs were found in them. Skipping unneeded JARs during scanning can improve startup time and JSP compilation time.
29-Mar-2021 18:06:08.670 WARNING [main] org.apache.catalina.util.SessionIdGeneratorBase.createSecureRandom Creation of SecureRandom instance for session ID generation using [SHA1PRNG] took [145] milliseconds.
29-Mar-2021 18:06:08.716 INFO [main] org.apache.catalina.startup.HostConfig.deployDirectory Deployment of web application directory [C:\Users\Public\Documents\Contester\apache-tomcat-9.0.27\webapps\Contester] has finished in [964] ms
29-Mar-2021 18:06:08.716 INFO [main] org.apache.catalina.startup.HostConfig.deployDirectory Установка веб приложения в папку [C:\Users\Public\Documents\Contester\apache-tomcat-9.0.27\webapps\docs]
29-Mar-2021 18:06:08.761 INFO [main] org.apache.catalina.startup.HostConfig.deployDirectory Deployment of web application directory [C:\Users\Public\Documents\Contester\apache-tomcat-9.0.27\webapps\docs] has finished in [45] ms
29-Mar-2021 18:06:08.762 INFO [main] org.apache.catalina.startup.HostConfig.deployDirectory Установка веб приложения в папку [C:\Users\Public\Documents\Contester\apache-tomcat-9.0.27\webapps\examples]
29-Mar-2021 18:06:09.535 INFO [main] org.apache.catalina.startup.HostConfig.deployDirectory Deployment of web application directory [C:\Users\Public\Documents\Contester\apache-tomcat-9.0.27\webapps\examples] has finished in [773] ms
29-Mar-2021 18:06:09.537 INFO [main] org.apache.catalina.startup.HostConfig.deployDirectory Установка веб приложения в папку [C:\Users\Public\Documents\Contester\apache-tomcat-9.0.27\webapps\host-manager]
29-Mar-2021 18:06:09.598 INFO [main] org.apache.catalina.startup.HostConfig.deployDirectory Deployment of web application directory [C:\Users\Public\Documents\Contester\apache-tomcat-9.0.27\webapps\host-manager] has finished in [61] ms
29-Mar-2021 18:06:09.599 INFO [main] org.apache.catalina.startup.HostConfig.deployDirectory Установка веб приложения в папку [C:\Users\Public\Documents\Contester\apache-tomcat-9.0.27\webapps\manager]
29-Mar-2021 18:06:09.655 INFO [main] org.apache.catalina.startup.HostConfig.deployDirectory Deployment of web application directory [C:\Users\Public\Documents\Contester\apache-tomcat-9.0.27\webapps\manager] has finished in [56] ms
29-Mar-2021 18:06:09.656 INFO [main] org.apache.catalina.startup.HostConfig.deployDirectory Установка веб приложения в папку [C:\Users\Public\Documents\Contester\apache-tomcat-9.0.27\webapps\ROOT]
29-Mar-2021 18:06:09.713 INFO [main] org.apache.catalina.startup.HostConfig.deployDirectory Deployment of web application directory [C:\Users\Public\Documents\Contester\apache-tomcat-9.0.27\webapps\ROOT] has finished in [56] ms
29-Mar-2021 18:06:09.720 INFO [main] org.apache.coyote.AbstractProtocol.start Starting ProtocolHandler ["http-nio-8080"]
29-Mar-2021 18:06:09.731 INFO [main] org.apache.coyote.AbstractProtocol.start Starting ProtocolHandler ["ajp-nio-8009"]
29-Mar-2021 18:06:09.737 INFO [main] org.apache.catalina.startup.Catalina.start Server startup in [2 049] milliseconds
29-Mar-2021 18:06:56.658 INFO [main] org.apache.catalina.core.StandardServer.await A valid shutdown command was received via the shutdown port. Stopping the Server instance.
29-Mar-2021 18:06:56.658 INFO [main] org.apache.coyote.AbstractProtocol.pause Pausing ProtocolHandler ["http-nio-8080"]
29-Mar-2021 18:06:56.799 INFO [main] org.apache.coyote.AbstractProtocol.pause Pausing ProtocolHandler ["ajp-nio-8009"]
29-Mar-2021 18:06:56.921 INFO [main] org.apache.catalina.core.StandardService.stopInternal Stopping service [Catalina]
29-Mar-2021 18:06:56.952 WARNING [main] org.apache.catalina.loader.WebappClassLoaderBase.clearReferencesJdbc The web application [Contester] registered the JDBC driver [org.sqlite.JDBC] but failed to unregister it when the web application was stopped. To prevent a memory leak, the JDBC Driver has been forcibly unregistered.
29-Mar-2021 18:06:56.952 INFO [main] org.apache.coyote.AbstractProtocol.stop Stopping ProtocolHandler ["http-nio-8080"]
29-Mar-2021 18:06:56.952 INFO [main] org.apache.coyote.AbstractProtocol.stop Stopping ProtocolHandler ["ajp-nio-8009"]
29-Mar-2021 18:06:56.968 INFO [main] org.apache.coyote.AbstractProtocol.destroy Destroying ProtocolHandler ["http-nio-8080"]
29-Mar-2021 18:06:56.968 INFO [main] org.apache.coyote.AbstractProtocol.destroy Destroying ProtocolHandler ["ajp-nio-8009"]
29-Mar-2021 18:07:00.003 INFO [main] org.apache.catalina.startup.VersionLoggerListener.log Server version name:   Apache Tomcat/9.0.27
29-Mar-2021 18:07:00.008 INFO [main] org.apache.catalina.startup.VersionLoggerListener.log Server built:          Oct 7 2019 09:57:22 UTC
29-Mar-2021 18:07:00.009 INFO [main] org.apache.catalina.startup.VersionLoggerListener.log Server version number: 9.0.27.0
29-Mar-2021 18:07:00.009 INFO [main] org.apache.catalina.startup.VersionLoggerListener.log OS Name:               Windows 10
29-Mar-2021 18:07:00.010 INFO [main] org.apache.catalina.startup.VersionLoggerListener.log OS Version:            10.0
29-Mar-2021 18:07:00.010 INFO [main] org.apache.catalina.startup.VersionLoggerListener.log Architecture:          amd64
29-Mar-2021 18:07:00.010 INFO [main] org.apache.catalina.startup.VersionLoggerListener.log Java Home:             C:\Program Files\Java\jdk-13.0.1
29-Mar-2021 18:07:00.010 INFO [main] org.apache.catalina.startup.VersionLoggerListener.log JVM Version:           13.0.1+9
29-Mar-2021 18:07:00.011 INFO [main] org.apache.catalina.startup.VersionLoggerListener.log JVM Vendor:            Oracle Corporation
29-Mar-2021 18:07:00.016 INFO [main] org.apache.catalina.startup.VersionLoggerListener.log CATALINA_BASE:         C:\Users\Public\Documents\Contester\apache-tomcat-9.0.27
29-Mar-2021 18:07:00.023 INFO [main] org.apache.catalina.startup.VersionLoggerListener.log CATALINA_HOME:         C:\Users\Public\Documents\Contester\apache-tomcat-9.0.27
29-Mar-2021 18:07:00.034 INFO [main] org.apache.catalina.startup.VersionLoggerListener.log Command line argument: --add-opens=java.base/java.lang=ALL-UNNAMED
29-Mar-2021 18:07:00.034 INFO [main] org.apache.catalina.startup.VersionLoggerListener.log Command line argument: --add-opens=java.base/java.io=ALL-UNNAMED
29-Mar-2021 18:07:00.034 INFO [main] org.apache.catalina.startup.VersionLoggerListener.log Command line argument: --add-opens=java.rmi/sun.rmi.transport=ALL-UNNAMED
29-Mar-2021 18:07:00.035 INFO [main] org.apache.catalina.startup.VersionLoggerListener.log Command line argument: -Djava.util.logging.config.file=C:\Users\Public\Documents\Contester\apache-tomcat-9.0.27\conf\logging.properties
29-Mar-2021 18:07:00.035 INFO [main] org.apache.catalina.startup.VersionLoggerListener.log Command line argument: -Djava.util.logging.manager=org.apache.juli.ClassLoaderLogManager
29-Mar-2021 18:07:00.036 INFO [main] org.apache.catalina.startup.VersionLoggerListener.log Command line argument: -Djdk.tls.ephemeralDHKeySize=2048
29-Mar-2021 18:07:00.037 INFO [main] org.apache.catalina.startup.VersionLoggerListener.log Command line argument: -Djava.protocol.handler.pkgs=org.apache.catalina.webresources
29-Mar-2021 18:07:00.038 INFO [main] org.apache.catalina.startup.VersionLoggerListener.log Command line argument: -Dignore.endorsed.dirs=
29-Mar-2021 18:07:00.039 INFO [main] org.apache.catalina.startup.VersionLoggerListener.log Command line argument: -Dcatalina.base=C:\Users\Public\Documents\Contester\apache-tomcat-9.0.27
29-Mar-2021 18:07:00.040 INFO [main] org.apache.catalina.startup.VersionLoggerListener.log Command line argument: -Dcatalina.home=C:\Users\Public\Documents\Contester\apache-tomcat-9.0.27
29-Mar-2021 18:07:00.040 INFO [main] org.apache.catalina.startup.VersionLoggerListener.log Command line argument: -Djava.io.tmpdir=C:\Users\Public\Documents\Contester\apache-tomcat-9.0.27\temp
29-Mar-2021 18:07:00.041 INFO [main] org.apache.catalina.core.AprLifecycleListener.lifecycleEvent Loaded APR based Apache Tomcat Native library [1.2.23] using APR version [1.7.0].
29-Mar-2021 18:07:00.041 INFO [main] org.apache.catalina.core.AprLifecycleListener.lifecycleEvent APR capabilities: IPv6 [true], sendfile [true], accept filters [false], random [true].
29-Mar-2021 18:07:00.042 INFO [main] org.apache.catalina.core.AprLifecycleListener.lifecycleEvent APR/OpenSSL configuration: useAprConnector [false], useOpenSSL [true]
29-Mar-2021 18:07:00.050 INFO [main] org.apache.catalina.core.AprLifecycleListener.initializeSSL OpenSSL successfully initialized [OpenSSL 1.1.1c  28 May 2019]
29-Mar-2021 18:07:00.367 INFO [main] org.apache.coyote.AbstractProtocol.init Initializing ProtocolHandler ["http-nio-8080"]
29-Mar-2021 18:07:00.895 INFO [main] org.apache.coyote.AbstractProtocol.init Initializing ProtocolHandler ["ajp-nio-8009"]
29-Mar-2021 18:07:00.930 INFO [main] org.apache.catalina.startup.Catalina.load Server initialization in [1 210] milliseconds
29-Mar-2021 18:07:00.996 INFO [main] org.apache.catalina.core.StandardService.startInternal Starting service [Catalina]
29-Mar-2021 18:07:01.010 INFO [main] org.apache.catalina.core.StandardEngine.startInternal Starting Servlet engine: [Apache Tomcat/9.0.27]
29-Mar-2021 18:07:01.059 INFO [main] org.apache.catalina.startup.HostConfig.deployDirectory Установка веб приложения в папку [C:\Users\Public\Documents\Contester\apache-tomcat-9.0.27\webapps\Contester]
29-Mar-2021 18:07:01.845 INFO [main] org.apache.jasper.servlet.TldScanner.scanJars At least one JAR was scanned for TLDs yet contained no TLDs. Enable debug logging for this logger for a complete list of JARs that were scanned but no TLDs were found in them. Skipping unneeded JARs during scanning can improve startup time and JSP compilation time.
29-Mar-2021 18:07:02.017 WARNING [main] org.apache.catalina.util.SessionIdGeneratorBase.createSecureRandom Creation of SecureRandom instance for session ID generation using [SHA1PRNG] took [141] milliseconds.
29-Mar-2021 18:07:02.064 INFO [main] org.apache.catalina.startup.HostConfig.deployDirectory Deployment of web application directory [C:\Users\Public\Documents\Contester\apache-tomcat-9.0.27\webapps\Contester] has finished in [1 006] ms
29-Mar-2021 18:07:02.064 INFO [main] org.apache.catalina.startup.HostConfig.deployDirectory Установка веб приложения в папку [C:\Users\Public\Documents\Contester\apache-tomcat-9.0.27\webapps\docs]
29-Mar-2021 18:07:02.111 INFO [main] org.apache.catalina.startup.HostConfig.deployDirectory Deployment of web application directory [C:\Users\Public\Documents\Contester\apache-tomcat-9.0.27\webapps\docs] has finished in [47] ms
29-Mar-2021 18:07:02.111 INFO [main] org.apache.catalina.startup.HostConfig.deployDirectory Установка веб приложения в папку [C:\Users\Public\Documents\Contester\apache-tomcat-9.0.27\webapps\examples]
29-Mar-2021 18:07:02.815 INFO [main] org.apache.catalina.startup.HostConfig.deployDirectory Deployment of web application directory [C:\Users\Public\Documents\Contester\apache-tomcat-9.0.27\webapps\examples] has finished in [704] ms
29-Mar-2021 18:07:02.816 INFO [main] org.apache.catalina.startup.HostConfig.deployDirectory Установка веб приложения в папку [C:\Users\Public\Documents\Contester\apache-tomcat-9.0.27\webapps\host-manager]
29-Mar-2021 18:07:02.883 INFO [main] org.apache.catalina.startup.HostConfig.deployDirectory Deployment of web application directory [C:\Users\Public\Documents\Contester\apache-tomcat-9.0.27\webapps\host-manager] has finished in [67] ms
29-Mar-2021 18:07:02.884 INFO [main] org.apache.catalina.startup.HostConfig.deployDirectory Установка веб приложения в папку [C:\Users\Public\Documents\Contester\apache-tomcat-9.0.27\webapps\manager]
29-Mar-2021 18:07:02.945 INFO [main] org.apache.catalina.startup.HostConfig.deployDirectory Deployment of web application directory [C:\Users\Public\Documents\Contester\apache-tomcat-9.0.27\webapps\manager] has finished in [61] ms
29-Mar-2021 18:07:02.946 INFO [main] org.apache.catalina.startup.HostConfig.deployDirectory Установка веб приложения в папку [C:\Users\Public\Documents\Contester\apache-tomcat-9.0.27\webapps\ROOT]
29-Mar-2021 18:07:03.002 INFO [main] org.apache.catalina.startup.HostConfig.deployDirectory Deployment of web application directory [C:\Users\Public\Documents\Contester\apache-tomcat-9.0.27\webapps\ROOT] has finished in [57] ms
29-Mar-2021 18:07:03.008 INFO [main] org.apache.coyote.AbstractProtocol.start Starting ProtocolHandler ["http-nio-8080"]
29-Mar-2021 18:07:03.019 INFO [main] org.apache.coyote.AbstractProtocol.start Starting ProtocolHandler ["ajp-nio-8009"]
29-Mar-2021 18:07:03.023 INFO [main] org.apache.catalina.startup.Catalina.start Server startup in [2 091] milliseconds
29-Mar-2021 19:20:55.709 WARNING [main] org.apache.catalina.core.StandardServer.await Invalid shutdown command [] received
29-Mar-2021 19:22:38.117 INFO [main] org.apache.catalina.core.StandardServer.await A valid shutdown command was received via the shutdown port. Stopping the Server instance.
29-Mar-2021 19:22:38.121 INFO [main] org.apache.coyote.AbstractProtocol.pause Pausing ProtocolHandler ["http-nio-8080"]
29-Mar-2021 19:22:38.252 INFO [main] org.apache.coyote.AbstractProtocol.pause Pausing ProtocolHandler ["ajp-nio-8009"]
29-Mar-2021 19:22:38.377 INFO [main] org.apache.catalina.core.StandardService.stopInternal Stopping service [Catalina]
29-Mar-2021 19:22:38.407 WARNING [main] org.apache.catalina.loader.WebappClassLoaderBase.clearReferencesJdbc The web application [Contester] registered the JDBC driver [org.sqlite.JDBC] but failed to unregister it when the web application was stopped. To prevent a memory leak, the JDBC Driver has been forcibly unregistered.
29-Mar-2021 19:22:38.413 INFO [main] org.apache.coyote.AbstractProtocol.stop Stopping ProtocolHandler ["http-nio-8080"]
29-Mar-2021 19:22:38.416 INFO [main] org.apache.coyote.AbstractProtocol.stop Stopping ProtocolHandler ["ajp-nio-8009"]
29-Mar-2021 19:22:38.420 INFO [main] org.apache.coyote.AbstractProtocol.destroy Destroying ProtocolHandler ["http-nio-8080"]
29-Mar-2021 19:22:38.421 INFO [main] org.apache.coyote.AbstractProtocol.destroy Destroying ProtocolHandler ["ajp-nio-8009"]
29-Mar-2021 19:23:08.141 INFO [main] org.apache.catalina.startup.VersionLoggerListener.log Server version name:   Apache Tomcat/9.0.27
29-Mar-2021 19:23:08.145 INFO [main] org.apache.catalina.startup.VersionLoggerListener.log Server built:          Oct 7 2019 09:57:22 UTC
29-Mar-2021 19:23:08.145 INFO [main] org.apache.catalina.startup.VersionLoggerListener.log Server version number: 9.0.27.0
29-Mar-2021 19:23:08.145 INFO [main] org.apache.catalina.startup.VersionLoggerListener.log OS Name:               Windows 10
29-Mar-2021 19:23:08.145 INFO [main] org.apache.catalina.startup.VersionLoggerListener.log OS Version:            10.0
29-Mar-2021 19:23:08.146 INFO [main] org.apache.catalina.startup.VersionLoggerListener.log Architecture:          amd64
29-Mar-2021 19:23:08.146 INFO [main] org.apache.catalina.startup.VersionLoggerListener.log Java Home:             C:\Program Files\Java\jdk-13.0.1
29-Mar-2021 19:23:08.146 INFO [main] org.apache.catalina.startup.VersionLoggerListener.log JVM Version:           13.0.1+9
29-Mar-2021 19:23:08.146 INFO [main] org.apache.catalina.startup.VersionLoggerListener.log JVM Vendor:            Oracle Corporation
29-Mar-2021 19:23:08.146 INFO [main] org.apache.catalina.startup.VersionLoggerListener.log CATALINA_BASE:         C:\Users\Public\Documents\Contester\apache-tomcat-9.0.27
29-Mar-2021 19:23:08.146 INFO [main] org.apache.catalina.startup.VersionLoggerListener.log CATALINA_HOME:         C:\Users\Public\Documents\Contester\apache-tomcat-9.0.27
29-Mar-2021 19:23:08.161 INFO [main] org.apache.catalina.startup.VersionLoggerListener.log Command line argument: --add-opens=java.base/java.lang=ALL-UNNAMED
29-Mar-2021 19:23:08.162 INFO [main] org.apache.catalina.startup.VersionLoggerListener.log Command line argument: --add-opens=java.base/java.io=ALL-UNNAMED
29-Mar-2021 19:23:08.162 INFO [main] org.apache.catalina.startup.VersionLoggerListener.log Command line argument: --add-opens=java.rmi/sun.rmi.transport=ALL-UNNAMED
29-Mar-2021 19:23:08.162 INFO [main] org.apache.catalina.startup.VersionLoggerListener.log Command line argument: -Djava.util.logging.config.file=C:\Users\Public\Documents\Contester\apache-tomcat-9.0.27\conf\logging.properties
29-Mar-2021 19:23:08.163 INFO [main] org.apache.catalina.startup.VersionLoggerListener.log Command line argument: -Djava.util.logging.manager=org.apache.juli.ClassLoaderLogManager
29-Mar-2021 19:23:08.163 INFO [main] org.apache.catalina.startup.VersionLoggerListener.log Command line argument: -Djdk.tls.ephemeralDHKeySize=2048
29-Mar-2021 19:23:08.164 INFO [main] org.apache.catalina.startup.VersionLoggerListener.log Command line argument: -Djava.protocol.handler.pkgs=org.apache.catalina.webresources
29-Mar-2021 19:23:08.164 INFO [main] org.apache.catalina.startup.VersionLoggerListener.log Command line argument: -Dignore.endorsed.dirs=
29-Mar-2021 19:23:08.165 INFO [main] org.apache.catalina.startup.VersionLoggerListener.log Command line argument: -Dcatalina.base=C:\Users\Public\Documents\Contester\apache-tomcat-9.0.27
29-Mar-2021 19:23:08.165 INFO [main] org.apache.catalina.startup.VersionLoggerListener.log Command line argument: -Dcatalina.home=C:\Users\Public\Documents\Contester\apache-tomcat-9.0.27
29-Mar-2021 19:23:08.166 INFO [main] org.apache.catalina.startup.VersionLoggerListener.log Command line argument: -Djava.io.tmpdir=C:\Users\Public\Documents\Contester\apache-tomcat-9.0.27\temp
29-Mar-2021 19:23:08.166 INFO [main] org.apache.catalina.core.AprLifecycleListener.lifecycleEvent Loaded APR based Apache Tomcat Native library [1.2.23] using APR version [1.7.0].
29-Mar-2021 19:23:08.166 INFO [main] org.apache.catalina.core.AprLifecycleListener.lifecycleEvent APR capabilities: IPv6 [true], sendfile [true], accept filters [false], random [true].
29-Mar-2021 19:23:08.167 INFO [main] org.apache.catalina.core.AprLifecycleListener.lifecycleEvent APR/OpenSSL configuration: useAprConnector [false], useOpenSSL [true]
29-Mar-2021 19:23:08.176 INFO [main] org.apache.catalina.core.AprLifecycleListener.initializeSSL OpenSSL successfully initialized [OpenSSL 1.1.1c  28 May 2019]
29-Mar-2021 19:23:08.463 INFO [main] org.apache.coyote.AbstractProtocol.init Initializing ProtocolHandler ["http-nio-8080"]
29-Mar-2021 19:23:08.782 INFO [main] org.apache.coyote.AbstractProtocol.init Initializing ProtocolHandler ["ajp-nio-8009"]
29-Mar-2021 19:23:08.787 INFO [main] org.apache.catalina.startup.Catalina.load Server initialization in [898] milliseconds
29-Mar-2021 19:23:08.835 INFO [main] org.apache.catalina.core.StandardService.startInternal Starting service [Catalina]
29-Mar-2021 19:23:08.835 INFO [main] org.apache.catalina.core.StandardEngine.startInternal Starting Servlet engine: [Apache Tomcat/9.0.27]
29-Mar-2021 19:23:08.850 INFO [main] org.apache.catalina.startup.HostConfig.deployDirectory Установка веб приложения в папку [C:\Users\Public\Documents\Contester\apache-tomcat-9.0.27\webapps\Contester]
29-Mar-2021 19:23:09.464 INFO [main] org.apache.jasper.servlet.TldScanner.scanJars At least one JAR was scanned for TLDs yet contained no TLDs. Enable debug logging for this logger for a complete list of JARs that were scanned but no TLDs were found in them. Skipping unneeded JARs during scanning can improve startup time and JSP compilation time.
29-Mar-2021 19:23:09.642 WARNING [main] org.apache.catalina.util.SessionIdGeneratorBase.createSecureRandom Creation of SecureRandom instance for session ID generation using [SHA1PRNG] took [145] milliseconds.
29-Mar-2021 19:23:09.681 INFO [main] org.apache.catalina.startup.HostConfig.deployDirectory Deployment of web application directory [C:\Users\Public\Documents\Contester\apache-tomcat-9.0.27\webapps\Contester] has finished in [831] ms
29-Mar-2021 19:23:09.682 INFO [main] org.apache.catalina.startup.HostConfig.deployDirectory Установка веб приложения в папку [C:\Users\Public\Documents\Contester\apache-tomcat-9.0.27\webapps\docs]
29-Mar-2021 19:23:09.727 INFO [main] org.apache.catalina.startup.HostConfig.deployDirectory Deployment of web application directory [C:\Users\Public\Documents\Contester\apache-tomcat-9.0.27\webapps\docs] has finished in [45] ms
29-Mar-2021 19:23:09.727 INFO [main] org.apache.catalina.startup.HostConfig.deployDirectory Установка веб приложения в папку [C:\Users\Public\Documents\Contester\apache-tomcat-9.0.27\webapps\examples]
29-Mar-2021 19:23:10.413 INFO [main] org.apache.catalina.startup.HostConfig.deployDirectory Deployment of web application directory [C:\Users\Public\Documents\Contester\apache-tomcat-9.0.27\webapps\examples] has finished in [686] ms
29-Mar-2021 19:23:10.414 INFO [main] org.apache.catalina.startup.HostConfig.deployDirectory Установка веб приложения в папку [C:\Users\Public\Documents\Contester\apache-tomcat-9.0.27\webapps\host-manager]
29-Mar-2021 19:23:10.477 INFO [main] org.apache.catalina.startup.HostConfig.deployDirectory Deployment of web application directory [C:\Users\Public\Documents\Contester\apache-tomcat-9.0.27\webapps\host-manager] has finished in [64] ms
29-Mar-2021 19:23:10.478 INFO [main] org.apache.catalina.startup.HostConfig.deployDirectory Установка веб приложения в папку [C:\Users\Public\Documents\Contester\apache-tomcat-9.0.27\webapps\manager]
29-Mar-2021 19:23:10.532 INFO [main] org.apache.catalina.startup.HostConfig.deployDirectory Deployment of web application directory [C:\Users\Public\Documents\Contester\apache-tomcat-9.0.27\webapps\manager] has finished in [54] ms
29-Mar-2021 19:23:10.533 INFO [main] org.apache.catalina.startup.HostConfig.deployDirectory Установка веб приложения в папку [C:\Users\Public\Documents\Contester\apache-tomcat-9.0.27\webapps\ROOT]
29-Mar-2021 19:23:10.588 INFO [main] org.apache.catalina.startup.HostConfig.deployDirectory Deployment of web application directory [C:\Users\Public\Documents\Contester\apache-tomcat-9.0.27\webapps\ROOT] has finished in [55] ms
29-Mar-2021 19:23:10.598 INFO [main] org.apache.coyote.AbstractProtocol.start Starting ProtocolHandler ["http-nio-8080"]
29-Mar-2021 19:23:10.651 INFO [main] org.apache.coyote.AbstractProtocol.start Starting ProtocolHandler ["ajp-nio-8009"]
29-Mar-2021 19:23:10.655 INFO [main] org.apache.catalina.startup.Catalina.start Server startup in [1 866] milliseconds
29-Mar-2021 19:28:48.741 WARNING [main] org.apache.catalina.core.StandardServer.await Invalid shutdown command [] received
29-Mar-2021 19:28:58.286 INFO [main] org.apache.catalina.core.StandardServer.await A valid shutdown command was received via the shutdown port. Stopping the Server instance.
29-Mar-2021 19:28:58.287 INFO [main] org.apache.coyote.AbstractProtocol.pause Pausing ProtocolHandler ["http-nio-8080"]
29-Mar-2021 19:28:58.414 INFO [main] org.apache.coyote.AbstractProtocol.pause Pausing ProtocolHandler ["ajp-nio-8009"]
29-Mar-2021 19:28:58.537 INFO [main] org.apache.catalina.core.StandardService.stopInternal Stopping service [Catalina]
29-Mar-2021 19:28:58.567 WARNING [main] org.apache.catalina.loader.WebappClassLoaderBase.clearReferencesJdbc The web application [Contester] registered the JDBC driver [org.sqlite.JDBC] but failed to unregister it when the web application was stopped. To prevent a memory leak, the JDBC Driver has been forcibly unregistered.
29-Mar-2021 19:28:58.573 INFO [main] org.apache.coyote.AbstractProtocol.stop Stopping ProtocolHandler ["http-nio-8080"]
29-Mar-2021 19:28:58.577 INFO [main] org.apache.coyote.AbstractProtocol.stop Stopping ProtocolHandler ["ajp-nio-8009"]
29-Mar-2021 19:28:58.581 INFO [main] org.apache.coyote.AbstractProtocol.destroy Destroying ProtocolHandler ["http-nio-8080"]
29-Mar-2021 19:28:58.583 INFO [main] org.apache.coyote.AbstractProtocol.destroy Destroying ProtocolHandler ["ajp-nio-8009"]
29-Mar-2021 19:29:00.576 INFO [main] org.apache.catalina.startup.VersionLoggerListener.log Server version name:   Apache Tomcat/9.0.27
29-Mar-2021 19:29:00.580 INFO [main] org.apache.catalina.startup.VersionLoggerListener.log Server built:          Oct 7 2019 09:57:22 UTC
29-Mar-2021 19:29:00.580 INFO [main] org.apache.catalina.startup.VersionLoggerListener.log Server version number: 9.0.27.0
29-Mar-2021 19:29:00.580 INFO [main] org.apache.catalina.startup.VersionLoggerListener.log OS Name:               Windows 10
29-Mar-2021 19:29:00.581 INFO [main] org.apache.catalina.startup.VersionLoggerListener.log OS Version:            10.0
29-Mar-2021 19:29:00.581 INFO [main] org.apache.catalina.startup.VersionLoggerListener.log Architecture:          amd64
29-Mar-2021 19:29:00.581 INFO [main] org.apache.catalina.startup.VersionLoggerListener.log Java Home:             C:\Program Files\Java\jdk-13.0.1
29-Mar-2021 19:29:00.581 INFO [main] org.apache.catalina.startup.VersionLoggerListener.log JVM Version:           13.0.1+9
29-Mar-2021 19:29:00.581 INFO [main] org.apache.catalina.startup.VersionLoggerListener.log JVM Vendor:            Oracle Corporation
29-Mar-2021 19:29:00.581 INFO [main] org.apache.catalina.startup.VersionLoggerListener.log CATALINA_BASE:         C:\Users\Public\Documents\Contester\apache-tomcat-9.0.27
29-Mar-2021 19:29:00.582 INFO [main] org.apache.catalina.startup.VersionLoggerListener.log CATALINA_HOME:         C:\Users\Public\Documents\Contester\apache-tomcat-9.0.27
29-Mar-2021 19:29:00.597 INFO [main] org.apache.catalina.startup.VersionLoggerListener.log Command line argument: --add-opens=java.base/java.lang=ALL-UNNAMED
29-Mar-2021 19:29:00.597 INFO [main] org.apache.catalina.startup.VersionLoggerListener.log Command line argument: --add-opens=java.base/java.io=ALL-UNNAMED
29-Mar-2021 19:29:00.597 INFO [main] org.apache.catalina.startup.VersionLoggerListener.log Command line argument: --add-opens=java.rmi/sun.rmi.transport=ALL-UNNAMED
29-Mar-2021 19:29:00.597 INFO [main] org.apache.catalina.startup.VersionLoggerListener.log Command line argument: -Djava.util.logging.config.file=C:\Users\Public\Documents\Contester\apache-tomcat-9.0.27\conf\logging.properties
29-Mar-2021 19:29:00.598 INFO [main] org.apache.catalina.startup.VersionLoggerListener.log Command line argument: -Djava.util.logging.manager=org.apache.juli.ClassLoaderLogManager
29-Mar-2021 19:29:00.598 INFO [main] org.apache.catalina.startup.VersionLoggerListener.log Command line argument: -Djdk.tls.ephemeralDHKeySize=2048
29-Mar-2021 19:29:00.599 INFO [main] org.apache.catalina.startup.VersionLoggerListener.log Command line argument: -Djava.protocol.handler.pkgs=org.apache.catalina.webresources
29-Mar-2021 19:29:00.600 INFO [main] org.apache.catalina.startup.VersionLoggerListener.log Command line argument: -Dignore.endorsed.dirs=
29-Mar-2021 19:29:00.601 INFO [main] org.apache.catalina.startup.VersionLoggerListener.log Command line argument: -Dcatalina.base=C:\Users\Public\Documents\Contester\apache-tomcat-9.0.27
29-Mar-2021 19:29:00.601 INFO [main] org.apache.catalina.startup.VersionLoggerListener.log Command line argument: -Dcatalina.home=C:\Users\Public\Documents\Contester\apache-tomcat-9.0.27
29-Mar-2021 19:29:00.601 INFO [main] org.apache.catalina.startup.VersionLoggerListener.log Command line argument: -Djava.io.tmpdir=C:\Users\Public\Documents\Contester\apache-tomcat-9.0.27\temp
29-Mar-2021 19:29:00.602 INFO [main] org.apache.catalina.core.AprLifecycleListener.lifecycleEvent Loaded APR based Apache Tomcat Native library [1.2.23] using APR version [1.7.0].
29-Mar-2021 19:29:00.602 INFO [main] org.apache.catalina.core.AprLifecycleListener.lifecycleEvent APR capabilities: IPv6 [true], sendfile [true], accept filters [false], random [true].
29-Mar-2021 19:29:00.603 INFO [main] org.apache.catalina.core.AprLifecycleListener.lifecycleEvent APR/OpenSSL configuration: useAprConnector [false], useOpenSSL [true]
29-Mar-2021 19:29:00.611 INFO [main] org.apache.catalina.core.AprLifecycleListener.initializeSSL OpenSSL successfully initialized [OpenSSL 1.1.1c  28 May 2019]
29-Mar-2021 19:29:00.882 INFO [main] org.apache.coyote.AbstractProtocol.init Initializing ProtocolHandler ["http-nio-8080"]
29-Mar-2021 19:29:01.200 INFO [main] org.apache.coyote.AbstractProtocol.init Initializing ProtocolHandler ["ajp-nio-8009"]
29-Mar-2021 19:29:01.207 INFO [main] org.apache.catalina.startup.Catalina.load Server initialization in [888] milliseconds
29-Mar-2021 19:29:01.254 INFO [main] org.apache.catalina.core.StandardService.startInternal Starting service [Catalina]
29-Mar-2021 19:29:01.254 INFO [main] org.apache.catalina.core.StandardEngine.startInternal Starting Servlet engine: [Apache Tomcat/9.0.27]
29-Mar-2021 19:29:01.268 INFO [main] org.apache.catalina.startup.HostConfig.deployDirectory Установка веб приложения в папку [C:\Users\Public\Documents\Contester\apache-tomcat-9.0.27\webapps\Contester]
29-Mar-2021 19:29:01.899 INFO [main] org.apache.jasper.servlet.TldScanner.scanJars At least one JAR was scanned for TLDs yet contained no TLDs. Enable debug logging for this logger for a complete list of JARs that were scanned but no TLDs were found in them. Skipping unneeded JARs during scanning can improve startup time and JSP compilation time.
29-Mar-2021 19:29:02.071 WARNING [main] org.apache.catalina.util.SessionIdGeneratorBase.createSecureRandom Creation of SecureRandom instance for session ID generation using [SHA1PRNG] took [144] milliseconds.
29-Mar-2021 19:29:02.109 INFO [main] org.apache.catalina.startup.HostConfig.deployDirectory Deployment of web application directory [C:\Users\Public\Documents\Contester\apache-tomcat-9.0.27\webapps\Contester] has finished in [841] ms
29-Mar-2021 19:29:02.110 INFO [main] org.apache.catalina.startup.HostConfig.deployDirectory Установка веб приложения в папку [C:\Users\Public\Documents\Contester\apache-tomcat-9.0.27\webapps\docs]
29-Mar-2021 19:29:02.154 INFO [main] org.apache.catalina.startup.HostConfig.deployDirectory Deployment of web application directory [C:\Users\Public\Documents\Contester\apache-tomcat-9.0.27\webapps\docs] has finished in [44] ms
29-Mar-2021 19:29:02.155 INFO [main] org.apache.catalina.startup.HostConfig.deployDirectory Установка веб приложения в папку [C:\Users\Public\Documents\Contester\apache-tomcat-9.0.27\webapps\examples]
29-Mar-2021 19:29:02.818 INFO [main] org.apache.catalina.startup.HostConfig.deployDirectory Deployment of web application directory [C:\Users\Public\Documents\Contester\apache-tomcat-9.0.27\webapps\examples] has finished in [663] ms
29-Mar-2021 19:29:02.818 INFO [main] org.apache.catalina.startup.HostConfig.deployDirectory Установка веб приложения в папку [C:\Users\Public\Documents\Contester\apache-tomcat-9.0.27\webapps\host-manager]
29-Mar-2021 19:29:02.880 INFO [main] org.apache.catalina.startup.HostConfig.deployDirectory Deployment of web application directory [C:\Users\Public\Documents\Contester\apache-tomcat-9.0.27\webapps\host-manager] has finished in [62] ms
29-Mar-2021 19:29:02.880 INFO [main] org.apache.catalina.startup.HostConfig.deployDirectory Установка веб приложения в папку [C:\Users\Public\Documents\Contester\apache-tomcat-9.0.27\webapps\manager]
29-Mar-2021 19:29:02.927 INFO [main] org.apache.catalina.startup.HostConfig.deployDirectory Deployment of web application directory [C:\Users\Public\Documents\Contester\apache-tomcat-9.0.27\webapps\manager] has finished in [47] ms
29-Mar-2021 19:29:02.927 INFO [main] org.apache.catalina.startup.HostConfig.deployDirectory Установка веб приложения в папку [C:\Users\Public\Documents\Contester\apache-tomcat-9.0.27\webapps\ROOT]
29-Mar-2021 19:29:02.990 INFO [main] org.apache.catalina.startup.HostConfig.deployDirectory Deployment of web application directory [C:\Users\Public\Documents\Contester\apache-tomcat-9.0.27\webapps\ROOT] has finished in [63] ms
29-Mar-2021 19:29:02.990 INFO [main] org.apache.coyote.AbstractProtocol.start Starting ProtocolHandler ["http-nio-8080"]
29-Mar-2021 19:29:03.005 INFO [main] org.apache.coyote.AbstractProtocol.start Starting ProtocolHandler ["ajp-nio-8009"]
29-Mar-2021 19:29:03.005 INFO [main] org.apache.catalina.startup.Catalina.start Server startup in [1 809] milliseconds
29-Mar-2021 19:30:48.133 INFO [main] org.apache.catalina.core.StandardServer.await A valid shutdown command was received via the shutdown port. Stopping the Server instance.
29-Mar-2021 19:30:48.134 INFO [main] org.apache.coyote.AbstractProtocol.pause Pausing ProtocolHandler ["http-nio-8080"]
29-Mar-2021 19:30:48.272 INFO [main] org.apache.coyote.AbstractProtocol.pause Pausing ProtocolHandler ["ajp-nio-8009"]
29-Mar-2021 19:30:48.415 INFO [main] org.apache.catalina.core.StandardService.stopInternal Stopping service [Catalina]
29-Mar-2021 19:30:48.448 WARNING [main] org.apache.catalina.loader.WebappClassLoaderBase.clearReferencesJdbc The web application [Contester] registered the JDBC driver [org.sqlite.JDBC] but failed to unregister it when the web application was stopped. To prevent a memory leak, the JDBC Driver has been forcibly unregistered.
29-Mar-2021 19:30:48.457 INFO [main] org.apache.coyote.AbstractProtocol.stop Stopping ProtocolHandler ["http-nio-8080"]
29-Mar-2021 19:30:48.461 INFO [main] org.apache.coyote.AbstractProtocol.stop Stopping ProtocolHandler ["ajp-nio-8009"]
29-Mar-2021 19:30:48.464 INFO [main] org.apache.coyote.AbstractProtocol.destroy Destroying ProtocolHandler ["http-nio-8080"]
29-Mar-2021 19:30:48.468 INFO [main] org.apache.coyote.AbstractProtocol.destroy Destroying ProtocolHandler ["ajp-nio-8009"]
29-Mar-2021 19:31:08.645 INFO [main] org.apache.catalina.startup.VersionLoggerListener.log Server version name:   Apache Tomcat/9.0.27
29-Mar-2021 19:31:08.660 INFO [main] org.apache.catalina.startup.VersionLoggerListener.log Server built:          Oct 7 2019 09:57:22 UTC
29-Mar-2021 19:31:08.676 INFO [main] org.apache.catalina.startup.VersionLoggerListener.log Server version number: 9.0.27.0
29-Mar-2021 19:31:08.676 INFO [main] org.apache.catalina.startup.VersionLoggerListener.log OS Name:               Windows 10
29-Mar-2021 19:31:08.676 INFO [main] org.apache.catalina.startup.VersionLoggerListener.log OS Version:            10.0
29-Mar-2021 19:31:08.676 INFO [main] org.apache.catalina.startup.VersionLoggerListener.log Architecture:          amd64
29-Mar-2021 19:31:08.676 INFO [main] org.apache.catalina.startup.VersionLoggerListener.log Java Home:             C:\Program Files\Java\jdk-13.0.1
29-Mar-2021 19:31:08.676 INFO [main] org.apache.catalina.startup.VersionLoggerListener.log JVM Version:           13.0.1+9
29-Mar-2021 19:31:08.676 INFO [main] org.apache.catalina.startup.VersionLoggerListener.log JVM Vendor:            Oracle Corporation
29-Mar-2021 19:31:08.676 INFO [main] org.apache.catalina.startup.VersionLoggerListener.log CATALINA_BASE:         C:\Users\Public\Documents\Contester\apache-tomcat-9.0.27
29-Mar-2021 19:31:08.676 INFO [main] org.apache.catalina.startup.VersionLoggerListener.log CATALINA_HOME:         C:\Users\Public\Documents\Contester\apache-tomcat-9.0.27
29-Mar-2021 19:31:08.676 INFO [main] org.apache.catalina.startup.VersionLoggerListener.log Command line argument: --add-opens=java.base/java.lang=ALL-UNNAMED
29-Mar-2021 19:31:08.676 INFO [main] org.apache.catalina.startup.VersionLoggerListener.log Command line argument: --add-opens=java.base/java.io=ALL-UNNAMED
29-Mar-2021 19:31:08.676 INFO [main] org.apache.catalina.startup.VersionLoggerListener.log Command line argument: --add-opens=java.rmi/sun.rmi.transport=ALL-UNNAMED
29-Mar-2021 19:31:08.676 INFO [main] org.apache.catalina.startup.VersionLoggerListener.log Command line argument: -Djava.util.logging.config.file=C:\Users\Public\Documents\Contester\apache-tomcat-9.0.27\conf\logging.properties
29-Mar-2021 19:31:08.691 INFO [main] org.apache.catalina.startup.VersionLoggerListener.log Command line argument: -Djava.util.logging.manager=org.apache.juli.ClassLoaderLogManager
29-Mar-2021 19:31:08.691 INFO [main] org.apache.catalina.startup.VersionLoggerListener.log Command line argument: -Djdk.tls.ephemeralDHKeySize=2048
29-Mar-2021 19:31:08.691 INFO [main] org.apache.catalina.startup.VersionLoggerListener.log Command line argument: -Djava.protocol.handler.pkgs=org.apache.catalina.webresources
29-Mar-2021 19:31:08.691 INFO [main] org.apache.catalina.startup.VersionLoggerListener.log Command line argument: -Dignore.endorsed.dirs=
29-Mar-2021 19:31:08.691 INFO [main] org.apache.catalina.startup.VersionLoggerListener.log Command line argument: -Dcatalina.base=C:\Users\Public\Documents\Contester\apache-tomcat-9.0.27
29-Mar-2021 19:31:08.691 INFO [main] org.apache.catalina.startup.VersionLoggerListener.log Command line argument: -Dcatalina.home=C:\Users\Public\Documents\Contester\apache-tomcat-9.0.27
29-Mar-2021 19:31:08.691 INFO [main] org.apache.catalina.startup.VersionLoggerListener.log Command line argument: -Djava.io.tmpdir=C:\Users\Public\Documents\Contester\apache-tomcat-9.0.27\temp
29-Mar-2021 19:31:08.691 INFO [main] org.apache.catalina.core.AprLifecycleListener.lifecycleEvent Loaded APR based Apache Tomcat Native library [1.2.23] using APR version [1.7.0].
29-Mar-2021 19:31:08.691 INFO [main] org.apache.catalina.core.AprLifecycleListener.lifecycleEvent APR capabilities: IPv6 [true], sendfile [true], accept filters [false], random [true].
29-Mar-2021 19:31:08.691 INFO [main] org.apache.catalina.core.AprLifecycleListener.lifecycleEvent APR/OpenSSL configuration: useAprConnector [false], useOpenSSL [true]
29-Mar-2021 19:31:08.707 INFO [main] org.apache.catalina.core.AprLifecycleListener.initializeSSL OpenSSL successfully initialized [OpenSSL 1.1.1c  28 May 2019]
29-Mar-2021 19:31:09.019 INFO [main] org.apache.coyote.AbstractProtocol.init Initializing ProtocolHandler ["http-nio-8080"]
29-Mar-2021 19:31:09.332 INFO [main] org.apache.coyote.AbstractProtocol.init Initializing ProtocolHandler ["ajp-nio-8009"]
29-Mar-2021 19:31:09.348 INFO [main] org.apache.catalina.startup.Catalina.load Server initialization in [1 131] milliseconds
29-Mar-2021 19:31:09.394 INFO [main] org.apache.catalina.core.StandardService.startInternal Starting service [Catalina]
29-Mar-2021 19:31:09.394 INFO [main] org.apache.catalina.core.StandardEngine.startInternal Starting Servlet engine: [Apache Tomcat/9.0.27]
29-Mar-2021 19:31:09.394 INFO [main] org.apache.catalina.startup.HostConfig.deployDirectory Установка веб приложения в папку [C:\Users\Public\Documents\Contester\apache-tomcat-9.0.27\webapps\Contester]
29-Mar-2021 19:31:10.019 INFO [main] org.apache.jasper.servlet.TldScanner.scanJars At least one JAR was scanned for TLDs yet contained no TLDs. Enable debug logging for this logger for a complete list of JARs that were scanned but no TLDs were found in them. Skipping unneeded JARs during scanning can improve startup time and JSP compilation time.
29-Mar-2021 19:31:10.207 WARNING [main] org.apache.catalina.util.SessionIdGeneratorBase.createSecureRandom Creation of SecureRandom instance for session ID generation using [SHA1PRNG] took [141] milliseconds.
29-Mar-2021 19:31:10.254 INFO [main] org.apache.catalina.startup.HostConfig.deployDirectory Deployment of web application directory [C:\Users\Public\Documents\Contester\apache-tomcat-9.0.27\webapps\Contester] has finished in [860] ms
29-Mar-2021 19:31:10.254 INFO [main] org.apache.catalina.startup.HostConfig.deployDirectory Установка веб приложения в папку [C:\Users\Public\Documents\Contester\apache-tomcat-9.0.27\webapps\docs]
29-Mar-2021 19:31:10.300 INFO [main] org.apache.catalina.startup.HostConfig.deployDirectory Deployment of web application directory [C:\Users\Public\Documents\Contester\apache-tomcat-9.0.27\webapps\docs] has finished in [46] ms
29-Mar-2021 19:31:10.300 INFO [main] org.apache.catalina.startup.HostConfig.deployDirectory Установка веб приложения в папку [C:\Users\Public\Documents\Contester\apache-tomcat-9.0.27\webapps\examples]
29-Mar-2021 19:31:11.141 INFO [main] org.apache.catalina.startup.HostConfig.deployDirectory Deployment of web application directory [C:\Users\Public\Documents\Contester\apache-tomcat-9.0.27\webapps\examples] has finished in [841] ms
29-Mar-2021 19:31:11.142 INFO [main] org.apache.catalina.startup.HostConfig.deployDirectory Установка веб приложения в папку [C:\Users\Public\Documents\Contester\apache-tomcat-9.0.27\webapps\host-manager]
29-Mar-2021 19:31:11.207 INFO [main] org.apache.catalina.startup.HostConfig.deployDirectory Deployment of web application directory [C:\Users\Public\Documents\Contester\apache-tomcat-9.0.27\webapps\host-manager] has finished in [64] ms
29-Mar-2021 19:31:11.207 INFO [main] org.apache.catalina.startup.HostConfig.deployDirectory Установка веб приложения в папку [C:\Users\Public\Documents\Contester\apache-tomcat-9.0.27\webapps\manager]
29-Mar-2021 19:31:11.278 INFO [main] org.apache.catalina.startup.HostConfig.deployDirectory Deployment of web application directory [C:\Users\Public\Documents\Contester\apache-tomcat-9.0.27\webapps\manager] has finished in [70] ms
29-Mar-2021 19:31:11.278 INFO [main] org.apache.catalina.startup.HostConfig.deployDirectory Установка веб приложения в папку [C:\Users\Public\Documents\Contester\apache-tomcat-9.0.27\webapps\ROOT]
29-Mar-2021 19:31:11.354 INFO [main] org.apache.catalina.startup.HostConfig.deployDirectory Deployment of web application directory [C:\Users\Public\Documents\Contester\apache-tomcat-9.0.27\webapps\ROOT] has finished in [76] ms
29-Mar-2021 19:31:11.360 INFO [main] org.apache.coyote.AbstractProtocol.start Starting ProtocolHandler ["http-nio-8080"]
29-Mar-2021 19:31:11.375 INFO [main] org.apache.coyote.AbstractProtocol.start Starting ProtocolHandler ["ajp-nio-8009"]
29-Mar-2021 19:31:11.389 INFO [main] org.apache.catalina.startup.Catalina.start Server startup in [2 036] milliseconds
29-Mar-2021 19:36:39.665 INFO [main] org.apache.catalina.core.StandardServer.await A valid shutdown command was received via the shutdown port. Stopping the Server instance.
29-Mar-2021 19:36:39.666 INFO [main] org.apache.coyote.AbstractProtocol.pause Pausing ProtocolHandler ["http-nio-8080"]
29-Mar-2021 19:36:39.794 INFO [main] org.apache.coyote.AbstractProtocol.pause Pausing ProtocolHandler ["ajp-nio-8009"]
29-Mar-2021 19:36:39.917 INFO [main] org.apache.catalina.core.StandardService.stopInternal Stopping service [Catalina]
29-Mar-2021 19:36:39.947 WARNING [main] org.apache.catalina.loader.WebappClassLoaderBase.clearReferencesJdbc The web application [Contester] registered the JDBC driver [org.sqlite.JDBC] but failed to unregister it when the web application was stopped. To prevent a memory leak, the JDBC Driver has been forcibly unregistered.
29-Mar-2021 19:36:39.954 INFO [main] org.apache.coyote.AbstractProtocol.stop Stopping ProtocolHandler ["http-nio-8080"]
29-Mar-2021 19:36:39.957 INFO [main] org.apache.coyote.AbstractProtocol.stop Stopping ProtocolHandler ["ajp-nio-8009"]
29-Mar-2021 19:36:39.959 INFO [main] org.apache.coyote.AbstractProtocol.destroy Destroying ProtocolHandler ["http-nio-8080"]
29-Mar-2021 19:36:39.961 INFO [main] org.apache.coyote.AbstractProtocol.destroy Destroying ProtocolHandler ["ajp-nio-8009"]
29-Mar-2021 20:08:34.491 INFO [main] org.apache.catalina.startup.VersionLoggerListener.log Server version name:   Apache Tomcat/9.0.27
29-Mar-2021 20:08:34.495 INFO [main] org.apache.catalina.startup.VersionLoggerListener.log Server built:          Oct 7 2019 09:57:22 UTC
29-Mar-2021 20:08:34.495 INFO [main] org.apache.catalina.startup.VersionLoggerListener.log Server version number: 9.0.27.0
29-Mar-2021 20:08:34.495 INFO [main] org.apache.catalina.startup.VersionLoggerListener.log OS Name:               Windows 10
29-Mar-2021 20:08:34.495 INFO [main] org.apache.catalina.startup.VersionLoggerListener.log OS Version:            10.0
29-Mar-2021 20:08:34.495 INFO [main] org.apache.catalina.startup.VersionLoggerListener.log Architecture:          amd64
29-Mar-2021 20:08:34.496 INFO [main] org.apache.catalina.startup.VersionLoggerListener.log Java Home:             C:\Program Files\Java\jdk-13.0.1
29-Mar-2021 20:08:34.496 INFO [main] org.apache.catalina.startup.VersionLoggerListener.log JVM Version:           13.0.1+9
29-Mar-2021 20:08:34.496 INFO [main] org.apache.catalina.startup.VersionLoggerListener.log JVM Vendor:            Oracle Corporation
29-Mar-2021 20:08:34.496 INFO [main] org.apache.catalina.startup.VersionLoggerListener.log CATALINA_BASE:         C:\Users\Public\Documents\Contester\apache-tomcat-9.0.27
29-Mar-2021 20:08:34.496 INFO [main] org.apache.catalina.startup.VersionLoggerListener.log CATALINA_HOME:         C:\Users\Public\Documents\Contester\apache-tomcat-9.0.27
29-Mar-2021 20:08:34.511 INFO [main] org.apache.catalina.startup.VersionLoggerListener.log Command line argument: --add-opens=java.base/java.lang=ALL-UNNAMED
29-Mar-2021 20:08:34.512 INFO [main] org.apache.catalina.startup.VersionLoggerListener.log Command line argument: --add-opens=java.base/java.io=ALL-UNNAMED
29-Mar-2021 20:08:34.513 INFO [main] org.apache.catalina.startup.VersionLoggerListener.log Command line argument: --add-opens=java.rmi/sun.rmi.transport=ALL-UNNAMED
29-Mar-2021 20:08:34.513 INFO [main] org.apache.catalina.startup.VersionLoggerListener.log Command line argument: -Djava.util.logging.config.file=C:\Users\Public\Documents\Contester\apache-tomcat-9.0.27\conf\logging.properties
29-Mar-2021 20:08:34.514 INFO [main] org.apache.catalina.startup.VersionLoggerListener.log Command line argument: -Djava.util.logging.manager=org.apache.juli.ClassLoaderLogManager
29-Mar-2021 20:08:34.516 INFO [main] org.apache.catalina.startup.VersionLoggerListener.log Command line argument: -Djdk.tls.ephemeralDHKeySize=2048
29-Mar-2021 20:08:34.518 INFO [main] org.apache.catalina.startup.VersionLoggerListener.log Command line argument: -Djava.protocol.handler.pkgs=org.apache.catalina.webresources
29-Mar-2021 20:08:34.518 INFO [main] org.apache.catalina.startup.VersionLoggerListener.log Command line argument: -Dignore.endorsed.dirs=
29-Mar-2021 20:08:34.519 INFO [main] org.apache.catalina.startup.VersionLoggerListener.log Command line argument: -Dcatalina.base=C:\Users\Public\Documents\Contester\apache-tomcat-9.0.27
29-Mar-2021 20:08:34.519 INFO [main] org.apache.catalina.startup.VersionLoggerListener.log Command line argument: -Dcatalina.home=C:\Users\Public\Documents\Contester\apache-tomcat-9.0.27
29-Mar-2021 20:08:34.520 INFO [main] org.apache.catalina.startup.VersionLoggerListener.log Command line argument: -Djava.io.tmpdir=C:\Users\Public\Documents\Contester\apache-tomcat-9.0.27\temp
29-Mar-2021 20:08:34.520 INFO [main] org.apache.catalina.core.AprLifecycleListener.lifecycleEvent Loaded APR based Apache Tomcat Native library [1.2.23] using APR version [1.7.0].
29-Mar-2021 20:08:34.520 INFO [main] org.apache.catalina.core.AprLifecycleListener.lifecycleEvent APR capabilities: IPv6 [true], sendfile [true], accept filters [false], random [true].
29-Mar-2021 20:08:34.521 INFO [main] org.apache.catalina.core.AprLifecycleListener.lifecycleEvent APR/OpenSSL configuration: useAprConnector [false], useOpenSSL [true]
29-Mar-2021 20:08:34.529 INFO [main] org.apache.catalina.core.AprLifecycleListener.initializeSSL OpenSSL successfully initialized [OpenSSL 1.1.1c  28 May 2019]
29-Mar-2021 20:08:34.824 INFO [main] org.apache.coyote.AbstractProtocol.init Initializing ProtocolHandler ["http-nio-8080"]
29-Mar-2021 20:08:35.146 INFO [main] org.apache.coyote.AbstractProtocol.init Initializing ProtocolHandler ["ajp-nio-8009"]
29-Mar-2021 20:08:35.152 INFO [main] org.apache.catalina.startup.Catalina.load Server initialization in [957] milliseconds
29-Mar-2021 20:08:35.197 INFO [main] org.apache.catalina.core.StandardService.startInternal Starting service [Catalina]
29-Mar-2021 20:08:35.198 INFO [main] org.apache.catalina.core.StandardEngine.startInternal Starting Servlet engine: [Apache Tomcat/9.0.27]
29-Mar-2021 20:08:35.213 INFO [main] org.apache.catalina.startup.HostConfig.deployDirectory Установка веб приложения в папку [C:\Users\Public\Documents\Contester\apache-tomcat-9.0.27\webapps\Contester]
29-Mar-2021 20:08:35.810 INFO [main] org.apache.jasper.servlet.TldScanner.scanJars At least one JAR was scanned for TLDs yet contained no TLDs. Enable debug logging for this logger for a complete list of JARs that were scanned but no TLDs were found in them. Skipping unneeded JARs during scanning can improve startup time and JSP compilation time.
29-Mar-2021 20:08:35.998 WARNING [main] org.apache.catalina.util.SessionIdGeneratorBase.createSecureRandom Creation of SecureRandom instance for session ID generation using [SHA1PRNG] took [141] milliseconds.
29-Mar-2021 20:08:36.029 INFO [main] org.apache.catalina.startup.HostConfig.deployDirectory Deployment of web application directory [C:\Users\Public\Documents\Contester\apache-tomcat-9.0.27\webapps\Contester] has finished in [816] ms
29-Mar-2021 20:08:36.029 INFO [main] org.apache.catalina.startup.HostConfig.deployDirectory Установка веб приложения в папку [C:\Users\Public\Documents\Contester\apache-tomcat-9.0.27\webapps\docs]
29-Mar-2021 20:08:36.076 INFO [main] org.apache.catalina.startup.HostConfig.deployDirectory Deployment of web application directory [C:\Users\Public\Documents\Contester\apache-tomcat-9.0.27\webapps\docs] has finished in [47] ms
29-Mar-2021 20:08:36.076 INFO [main] org.apache.catalina.startup.HostConfig.deployDirectory Установка веб приложения в папку [C:\Users\Public\Documents\Contester\apache-tomcat-9.0.27\webapps\examples]
29-Mar-2021 20:08:36.997 INFO [main] org.apache.catalina.startup.HostConfig.deployDirectory Deployment of web application directory [C:\Users\Public\Documents\Contester\apache-tomcat-9.0.27\webapps\examples] has finished in [921] ms
29-Mar-2021 20:08:36.997 INFO [main] org.apache.catalina.startup.HostConfig.deployDirectory Установка веб приложения в папку [C:\Users\Public\Documents\Contester\apache-tomcat-9.0.27\webapps\host-manager]
29-Mar-2021 20:08:37.075 INFO [main] org.apache.catalina.startup.HostConfig.deployDirectory Deployment of web application directory [C:\Users\Public\Documents\Contester\apache-tomcat-9.0.27\webapps\host-manager] has finished in [78] ms
29-Mar-2021 20:08:37.075 INFO [main] org.apache.catalina.startup.HostConfig.deployDirectory Установка веб приложения в папку [C:\Users\Public\Documents\Contester\apache-tomcat-9.0.27\webapps\manager]
29-Mar-2021 20:08:37.122 INFO [main] org.apache.catalina.startup.HostConfig.deployDirectory Deployment of web application directory [C:\Users\Public\Documents\Contester\apache-tomcat-9.0.27\webapps\manager] has finished in [47] ms
29-Mar-2021 20:08:37.122 INFO [main] org.apache.catalina.startup.HostConfig.deployDirectory Установка веб приложения в папку [C:\Users\Public\Documents\Contester\apache-tomcat-9.0.27\webapps\ROOT]
29-Mar-2021 20:08:37.185 INFO [main] org.apache.catalina.startup.HostConfig.deployDirectory Deployment of web application directory [C:\Users\Public\Documents\Contester\apache-tomcat-9.0.27\webapps\ROOT] has finished in [63] ms
29-Mar-2021 20:08:37.185 INFO [main] org.apache.coyote.AbstractProtocol.start Starting ProtocolHandler ["http-nio-8080"]
29-Mar-2021 20:08:37.200 INFO [main] org.apache.coyote.AbstractProtocol.start Starting ProtocolHandler ["ajp-nio-8009"]
29-Mar-2021 20:08:37.200 INFO [main] org.apache.catalina.startup.Catalina.start Server startup in [2 063] milliseconds
29-Mar-2021 20:09:06.344 INFO [main] org.apache.catalina.core.StandardServer.await A valid shutdown command was received via the shutdown port. Stopping the Server instance.
29-Mar-2021 20:09:06.344 INFO [main] org.apache.coyote.AbstractProtocol.pause Pausing ProtocolHandler ["http-nio-8080"]
29-Mar-2021 20:09:06.473 INFO [main] org.apache.coyote.AbstractProtocol.pause Pausing ProtocolHandler ["ajp-nio-8009"]
29-Mar-2021 20:09:06.597 INFO [main] org.apache.catalina.core.StandardService.stopInternal Stopping service [Catalina]
29-Mar-2021 20:09:06.628 WARNING [main] org.apache.catalina.loader.WebappClassLoaderBase.clearReferencesJdbc The web application [Contester] registered the JDBC driver [org.sqlite.JDBC] but failed to unregister it when the web application was stopped. To prevent a memory leak, the JDBC Driver has been forcibly unregistered.
29-Mar-2021 20:09:06.628 INFO [main] org.apache.coyote.AbstractProtocol.stop Stopping ProtocolHandler ["http-nio-8080"]
29-Mar-2021 20:09:06.628 INFO [main] org.apache.coyote.AbstractProtocol.stop Stopping ProtocolHandler ["ajp-nio-8009"]
29-Mar-2021 20:09:06.644 INFO [main] org.apache.coyote.AbstractProtocol.destroy Destroying ProtocolHandler ["http-nio-8080"]
29-Mar-2021 20:09:06.644 INFO [main] org.apache.coyote.AbstractProtocol.destroy Destroying ProtocolHandler ["ajp-nio-8009"]
