23-Mar-2021 21:26:04.094 INFO [main] org.apache.catalina.startup.VersionLoggerListener.log Server version name:   Apache Tomcat/9.0.27
23-Mar-2021 21:26:04.094 INFO [main] org.apache.catalina.startup.VersionLoggerListener.log Server built:          Oct 7 2019 09:57:22 UTC
23-Mar-2021 21:26:04.094 INFO [main] org.apache.catalina.startup.VersionLoggerListener.log Server version number: 9.0.27.0
23-Mar-2021 21:26:04.094 INFO [main] org.apache.catalina.startup.VersionLoggerListener.log OS Name:               Windows 10
23-Mar-2021 21:26:04.094 INFO [main] org.apache.catalina.startup.VersionLoggerListener.log OS Version:            10.0
23-Mar-2021 21:26:04.094 INFO [main] org.apache.catalina.startup.VersionLoggerListener.log Architecture:          amd64
23-Mar-2021 21:26:04.094 INFO [main] org.apache.catalina.startup.VersionLoggerListener.log Java Home:             C:\Program Files\Java\jdk-13.0.1
23-Mar-2021 21:26:04.094 INFO [main] org.apache.catalina.startup.VersionLoggerListener.log JVM Version:           13.0.1+9
23-Mar-2021 21:26:04.094 INFO [main] org.apache.catalina.startup.VersionLoggerListener.log JVM Vendor:            Oracle Corporation
23-Mar-2021 21:26:04.094 INFO [main] org.apache.catalina.startup.VersionLoggerListener.log CATALINA_BASE:         C:\Users\Public\Documents\Contester\apache-tomcat-9.0.27
23-Mar-2021 21:26:04.094 INFO [main] org.apache.catalina.startup.VersionLoggerListener.log CATALINA_HOME:         C:\Users\Public\Documents\Contester\apache-tomcat-9.0.27
23-Mar-2021 21:26:04.110 INFO [main] org.apache.catalina.startup.VersionLoggerListener.log Command line argument: --add-opens=java.base/java.lang=ALL-UNNAMED
23-Mar-2021 21:26:04.110 INFO [main] org.apache.catalina.startup.VersionLoggerListener.log Command line argument: --add-opens=java.base/java.io=ALL-UNNAMED
23-Mar-2021 21:26:04.110 INFO [main] org.apache.catalina.startup.VersionLoggerListener.log Command line argument: --add-opens=java.rmi/sun.rmi.transport=ALL-UNNAMED
23-Mar-2021 21:26:04.110 INFO [main] org.apache.catalina.startup.VersionLoggerListener.log Command line argument: -Djava.util.logging.config.file=C:\Users\Public\Documents\Contester\apache-tomcat-9.0.27\conf\logging.properties
23-Mar-2021 21:26:04.110 INFO [main] org.apache.catalina.startup.VersionLoggerListener.log Command line argument: -Djava.util.logging.manager=org.apache.juli.ClassLoaderLogManager
23-Mar-2021 21:26:04.110 INFO [main] org.apache.catalina.startup.VersionLoggerListener.log Command line argument: -Djdk.tls.ephemeralDHKeySize=2048
23-Mar-2021 21:26:04.126 INFO [main] org.apache.catalina.startup.VersionLoggerListener.log Command line argument: -Djava.protocol.handler.pkgs=org.apache.catalina.webresources
23-Mar-2021 21:26:04.126 INFO [main] org.apache.catalina.startup.VersionLoggerListener.log Command line argument: -Dignore.endorsed.dirs=
23-Mar-2021 21:26:04.126 INFO [main] org.apache.catalina.startup.VersionLoggerListener.log Command line argument: -Dcatalina.base=C:\Users\Public\Documents\Contester\apache-tomcat-9.0.27
23-Mar-2021 21:26:04.126 INFO [main] org.apache.catalina.startup.VersionLoggerListener.log Command line argument: -Dcatalina.home=C:\Users\Public\Documents\Contester\apache-tomcat-9.0.27
23-Mar-2021 21:26:04.126 INFO [main] org.apache.catalina.startup.VersionLoggerListener.log Command line argument: -Djava.io.tmpdir=C:\Users\Public\Documents\Contester\apache-tomcat-9.0.27\temp
23-Mar-2021 21:26:04.126 INFO [main] org.apache.catalina.core.AprLifecycleListener.lifecycleEvent Loaded APR based Apache Tomcat Native library [1.2.23] using APR version [1.7.0].
23-Mar-2021 21:26:04.126 INFO [main] org.apache.catalina.core.AprLifecycleListener.lifecycleEvent APR capabilities: IPv6 [true], sendfile [true], accept filters [false], random [true].
23-Mar-2021 21:26:04.126 INFO [main] org.apache.catalina.core.AprLifecycleListener.lifecycleEvent APR/OpenSSL configuration: useAprConnector [false], useOpenSSL [true]
23-Mar-2021 21:26:04.141 INFO [main] org.apache.catalina.core.AprLifecycleListener.initializeSSL OpenSSL successfully initialized [OpenSSL 1.1.1c  28 May 2019]
23-Mar-2021 21:26:04.469 INFO [main] org.apache.coyote.AbstractProtocol.init Initializing ProtocolHandler ["http-nio-8080"]
23-Mar-2021 21:26:04.797 INFO [main] org.apache.coyote.AbstractProtocol.init Initializing ProtocolHandler ["ajp-nio-8009"]
23-Mar-2021 21:26:04.797 INFO [main] org.apache.catalina.startup.Catalina.load Server initialization in [996] milliseconds
23-Mar-2021 21:26:04.860 INFO [main] org.apache.catalina.core.StandardService.startInternal Starting service [Catalina]
23-Mar-2021 21:26:04.860 INFO [main] org.apache.catalina.core.StandardEngine.startInternal Starting Servlet engine: [Apache Tomcat/9.0.27]
23-Mar-2021 21:26:04.876 INFO [main] org.apache.catalina.startup.HostConfig.deployDirectory Установка веб приложения в папку [C:\Users\Public\Documents\Contester\apache-tomcat-9.0.27\webapps\Contester]
23-Mar-2021 21:26:05.578 INFO [main] org.apache.jasper.servlet.TldScanner.scanJars At least one JAR was scanned for TLDs yet contained no TLDs. Enable debug logging for this logger for a complete list of JARs that were scanned but no TLDs were found in them. Skipping unneeded JARs during scanning can improve startup time and JSP compilation time.
23-Mar-2021 21:26:05.766 WARNING [main] org.apache.catalina.util.SessionIdGeneratorBase.createSecureRandom Creation of SecureRandom instance for session ID generation using [SHA1PRNG] took [156] milliseconds.
23-Mar-2021 21:26:05.813 INFO [main] org.apache.catalina.startup.HostConfig.deployDirectory Deployment of web application directory [C:\Users\Public\Documents\Contester\apache-tomcat-9.0.27\webapps\Contester] has finished in [937] ms
23-Mar-2021 21:26:05.813 INFO [main] org.apache.catalina.startup.HostConfig.deployDirectory Установка веб приложения в папку [C:\Users\Public\Documents\Contester\apache-tomcat-9.0.27\webapps\docs]
23-Mar-2021 21:26:05.860 INFO [main] org.apache.catalina.startup.HostConfig.deployDirectory Deployment of web application directory [C:\Users\Public\Documents\Contester\apache-tomcat-9.0.27\webapps\docs] has finished in [47] ms
23-Mar-2021 21:26:05.860 INFO [main] org.apache.catalina.startup.HostConfig.deployDirectory Установка веб приложения в папку [C:\Users\Public\Documents\Contester\apache-tomcat-9.0.27\webapps\examples]
23-Mar-2021 21:26:06.612 INFO [main] org.apache.catalina.startup.HostConfig.deployDirectory Deployment of web application directory [C:\Users\Public\Documents\Contester\apache-tomcat-9.0.27\webapps\examples] has finished in [752] ms
23-Mar-2021 21:26:06.613 INFO [main] org.apache.catalina.startup.HostConfig.deployDirectory Установка веб приложения в папку [C:\Users\Public\Documents\Contester\apache-tomcat-9.0.27\webapps\host-manager]
23-Mar-2021 21:26:06.677 INFO [main] org.apache.catalina.startup.HostConfig.deployDirectory Deployment of web application directory [C:\Users\Public\Documents\Contester\apache-tomcat-9.0.27\webapps\host-manager] has finished in [64] ms
23-Mar-2021 21:26:06.677 INFO [main] org.apache.catalina.startup.HostConfig.deployDirectory Установка веб приложения в папку [C:\Users\Public\Documents\Contester\apache-tomcat-9.0.27\webapps\manager]
23-Mar-2021 21:26:06.732 INFO [main] org.apache.catalina.startup.HostConfig.deployDirectory Deployment of web application directory [C:\Users\Public\Documents\Contester\apache-tomcat-9.0.27\webapps\manager] has finished in [55] ms
23-Mar-2021 21:26:06.733 INFO [main] org.apache.catalina.startup.HostConfig.deployDirectory Установка веб приложения в папку [C:\Users\Public\Documents\Contester\apache-tomcat-9.0.27\webapps\ROOT]
23-Mar-2021 21:26:06.789 INFO [main] org.apache.catalina.startup.HostConfig.deployDirectory Deployment of web application directory [C:\Users\Public\Documents\Contester\apache-tomcat-9.0.27\webapps\ROOT] has finished in [56] ms
23-Mar-2021 21:26:06.794 INFO [main] org.apache.coyote.AbstractProtocol.start Starting ProtocolHandler ["http-nio-8080"]
23-Mar-2021 21:26:06.806 INFO [main] org.apache.coyote.AbstractProtocol.start Starting ProtocolHandler ["ajp-nio-8009"]
23-Mar-2021 21:26:06.811 INFO [main] org.apache.catalina.startup.Catalina.start Server startup in [2 002] milliseconds
23-Mar-2021 21:48:25.532 WARNING [main] org.apache.catalina.core.StandardServer.await Invalid shutdown command [] received
23-Mar-2021 21:49:18.119 INFO [main] org.apache.catalina.core.StandardServer.await A valid shutdown command was received via the shutdown port. Stopping the Server instance.
23-Mar-2021 21:49:18.119 INFO [main] org.apache.coyote.AbstractProtocol.pause Pausing ProtocolHandler ["http-nio-8080"]
23-Mar-2021 21:49:18.266 INFO [main] org.apache.coyote.AbstractProtocol.pause Pausing ProtocolHandler ["ajp-nio-8009"]
23-Mar-2021 21:49:18.390 INFO [main] org.apache.catalina.core.StandardService.stopInternal Stopping service [Catalina]
23-Mar-2021 21:49:18.406 WARNING [main] org.apache.catalina.loader.WebappClassLoaderBase.clearReferencesJdbc The web application [Contester] registered the JDBC driver [org.sqlite.JDBC] but failed to unregister it when the web application was stopped. To prevent a memory leak, the JDBC Driver has been forcibly unregistered.
23-Mar-2021 21:49:18.422 INFO [main] org.apache.coyote.AbstractProtocol.stop Stopping ProtocolHandler ["http-nio-8080"]
23-Mar-2021 21:49:18.422 INFO [main] org.apache.coyote.AbstractProtocol.stop Stopping ProtocolHandler ["ajp-nio-8009"]
23-Mar-2021 21:49:18.422 INFO [main] org.apache.coyote.AbstractProtocol.destroy Destroying ProtocolHandler ["http-nio-8080"]
23-Mar-2021 21:49:18.422 INFO [main] org.apache.coyote.AbstractProtocol.destroy Destroying ProtocolHandler ["ajp-nio-8009"]
23-Mar-2021 21:49:21.639 INFO [main] org.apache.catalina.startup.VersionLoggerListener.log Server version name:   Apache Tomcat/9.0.27
23-Mar-2021 21:49:21.643 INFO [main] org.apache.catalina.startup.VersionLoggerListener.log Server built:          Oct 7 2019 09:57:22 UTC
23-Mar-2021 21:49:21.643 INFO [main] org.apache.catalina.startup.VersionLoggerListener.log Server version number: 9.0.27.0
23-Mar-2021 21:49:21.643 INFO [main] org.apache.catalina.startup.VersionLoggerListener.log OS Name:               Windows 10
23-Mar-2021 21:49:21.644 INFO [main] org.apache.catalina.startup.VersionLoggerListener.log OS Version:            10.0
23-Mar-2021 21:49:21.644 INFO [main] org.apache.catalina.startup.VersionLoggerListener.log Architecture:          amd64
23-Mar-2021 21:49:21.644 INFO [main] org.apache.catalina.startup.VersionLoggerListener.log Java Home:             C:\Program Files\Java\jdk-13.0.1
23-Mar-2021 21:49:21.644 INFO [main] org.apache.catalina.startup.VersionLoggerListener.log JVM Version:           13.0.1+9
23-Mar-2021 21:49:21.644 INFO [main] org.apache.catalina.startup.VersionLoggerListener.log JVM Vendor:            Oracle Corporation
23-Mar-2021 21:49:21.644 INFO [main] org.apache.catalina.startup.VersionLoggerListener.log CATALINA_BASE:         C:\Users\Public\Documents\Contester\apache-tomcat-9.0.27
23-Mar-2021 21:49:21.645 INFO [main] org.apache.catalina.startup.VersionLoggerListener.log CATALINA_HOME:         C:\Users\Public\Documents\Contester\apache-tomcat-9.0.27
23-Mar-2021 21:49:21.661 INFO [main] org.apache.catalina.startup.VersionLoggerListener.log Command line argument: --add-opens=java.base/java.lang=ALL-UNNAMED
23-Mar-2021 21:49:21.663 INFO [main] org.apache.catalina.startup.VersionLoggerListener.log Command line argument: --add-opens=java.base/java.io=ALL-UNNAMED
23-Mar-2021 21:49:21.663 INFO [main] org.apache.catalina.startup.VersionLoggerListener.log Command line argument: --add-opens=java.rmi/sun.rmi.transport=ALL-UNNAMED
23-Mar-2021 21:49:21.663 INFO [main] org.apache.catalina.startup.VersionLoggerListener.log Command line argument: -Djava.util.logging.config.file=C:\Users\Public\Documents\Contester\apache-tomcat-9.0.27\conf\logging.properties
23-Mar-2021 21:49:21.663 INFO [main] org.apache.catalina.startup.VersionLoggerListener.log Command line argument: -Djava.util.logging.manager=org.apache.juli.ClassLoaderLogManager
23-Mar-2021 21:49:21.664 INFO [main] org.apache.catalina.startup.VersionLoggerListener.log Command line argument: -Djdk.tls.ephemeralDHKeySize=2048
23-Mar-2021 21:49:21.666 INFO [main] org.apache.catalina.startup.VersionLoggerListener.log Command line argument: -Djava.protocol.handler.pkgs=org.apache.catalina.webresources
23-Mar-2021 21:49:21.666 INFO [main] org.apache.catalina.startup.VersionLoggerListener.log Command line argument: -Dignore.endorsed.dirs=
23-Mar-2021 21:49:21.666 INFO [main] org.apache.catalina.startup.VersionLoggerListener.log Command line argument: -Dcatalina.base=C:\Users\Public\Documents\Contester\apache-tomcat-9.0.27
23-Mar-2021 21:49:21.667 INFO [main] org.apache.catalina.startup.VersionLoggerListener.log Command line argument: -Dcatalina.home=C:\Users\Public\Documents\Contester\apache-tomcat-9.0.27
23-Mar-2021 21:49:21.668 INFO [main] org.apache.catalina.startup.VersionLoggerListener.log Command line argument: -Djava.io.tmpdir=C:\Users\Public\Documents\Contester\apache-tomcat-9.0.27\temp
23-Mar-2021 21:49:21.669 INFO [main] org.apache.catalina.core.AprLifecycleListener.lifecycleEvent Loaded APR based Apache Tomcat Native library [1.2.23] using APR version [1.7.0].
23-Mar-2021 21:49:21.670 INFO [main] org.apache.catalina.core.AprLifecycleListener.lifecycleEvent APR capabilities: IPv6 [true], sendfile [true], accept filters [false], random [true].
23-Mar-2021 21:49:21.671 INFO [main] org.apache.catalina.core.AprLifecycleListener.lifecycleEvent APR/OpenSSL configuration: useAprConnector [false], useOpenSSL [true]
23-Mar-2021 21:49:21.682 INFO [main] org.apache.catalina.core.AprLifecycleListener.initializeSSL OpenSSL successfully initialized [OpenSSL 1.1.1c  28 May 2019]
23-Mar-2021 21:49:21.952 INFO [main] org.apache.coyote.AbstractProtocol.init Initializing ProtocolHandler ["http-nio-8080"]
23-Mar-2021 21:49:22.285 INFO [main] org.apache.coyote.AbstractProtocol.init Initializing ProtocolHandler ["ajp-nio-8009"]
23-Mar-2021 21:49:22.291 INFO [main] org.apache.catalina.startup.Catalina.load Server initialization in [925] milliseconds
23-Mar-2021 21:49:22.337 INFO [main] org.apache.catalina.core.StandardService.startInternal Starting service [Catalina]
23-Mar-2021 21:49:22.337 INFO [main] org.apache.catalina.core.StandardEngine.startInternal Starting Servlet engine: [Apache Tomcat/9.0.27]
23-Mar-2021 21:49:22.350 INFO [main] org.apache.catalina.startup.HostConfig.deployDirectory Установка веб приложения в папку [C:\Users\Public\Documents\Contester\apache-tomcat-9.0.27\webapps\Contester]
23-Mar-2021 21:49:23.038 INFO [main] org.apache.jasper.servlet.TldScanner.scanJars At least one JAR was scanned for TLDs yet contained no TLDs. Enable debug logging for this logger for a complete list of JARs that were scanned but no TLDs were found in them. Skipping unneeded JARs during scanning can improve startup time and JSP compilation time.
23-Mar-2021 21:49:23.209 WARNING [main] org.apache.catalina.util.SessionIdGeneratorBase.createSecureRandom Creation of SecureRandom instance for session ID generation using [SHA1PRNG] took [140] milliseconds.
23-Mar-2021 21:49:23.241 INFO [main] org.apache.catalina.startup.HostConfig.deployDirectory Deployment of web application directory [C:\Users\Public\Documents\Contester\apache-tomcat-9.0.27\webapps\Contester] has finished in [891] ms
23-Mar-2021 21:49:23.241 INFO [main] org.apache.catalina.startup.HostConfig.deployDirectory Установка веб приложения в папку [C:\Users\Public\Documents\Contester\apache-tomcat-9.0.27\webapps\docs]
23-Mar-2021 21:49:23.300 INFO [main] org.apache.catalina.startup.HostConfig.deployDirectory Deployment of web application directory [C:\Users\Public\Documents\Contester\apache-tomcat-9.0.27\webapps\docs] has finished in [59] ms
23-Mar-2021 21:49:23.300 INFO [main] org.apache.catalina.startup.HostConfig.deployDirectory Установка веб приложения в папку [C:\Users\Public\Documents\Contester\apache-tomcat-9.0.27\webapps\examples]
23-Mar-2021 21:49:24.014 INFO [main] org.apache.catalina.startup.HostConfig.deployDirectory Deployment of web application directory [C:\Users\Public\Documents\Contester\apache-tomcat-9.0.27\webapps\examples] has finished in [714] ms
23-Mar-2021 21:49:24.014 INFO [main] org.apache.catalina.startup.HostConfig.deployDirectory Установка веб приложения в папку [C:\Users\Public\Documents\Contester\apache-tomcat-9.0.27\webapps\host-manager]
23-Mar-2021 21:49:24.077 INFO [main] org.apache.catalina.startup.HostConfig.deployDirectory Deployment of web application directory [C:\Users\Public\Documents\Contester\apache-tomcat-9.0.27\webapps\host-manager] has finished in [63] ms
23-Mar-2021 21:49:24.077 INFO [main] org.apache.catalina.startup.HostConfig.deployDirectory Установка веб приложения в папку [C:\Users\Public\Documents\Contester\apache-tomcat-9.0.27\webapps\manager]
23-Mar-2021 21:49:24.155 INFO [main] org.apache.catalina.startup.HostConfig.deployDirectory Deployment of web application directory [C:\Users\Public\Documents\Contester\apache-tomcat-9.0.27\webapps\manager] has finished in [62] ms
23-Mar-2021 21:49:24.155 INFO [main] org.apache.catalina.startup.HostConfig.deployDirectory Установка веб приложения в папку [C:\Users\Public\Documents\Contester\apache-tomcat-9.0.27\webapps\ROOT]
23-Mar-2021 21:49:24.217 INFO [main] org.apache.catalina.startup.HostConfig.deployDirectory Deployment of web application directory [C:\Users\Public\Documents\Contester\apache-tomcat-9.0.27\webapps\ROOT] has finished in [62] ms
23-Mar-2021 21:49:24.217 INFO [main] org.apache.coyote.AbstractProtocol.start Starting ProtocolHandler ["http-nio-8080"]
23-Mar-2021 21:49:24.233 INFO [main] org.apache.coyote.AbstractProtocol.start Starting ProtocolHandler ["ajp-nio-8009"]
23-Mar-2021 21:49:24.233 INFO [main] org.apache.catalina.startup.Catalina.start Server startup in [1 954] milliseconds
23-Mar-2021 21:50:55.218 INFO [main] org.apache.catalina.core.StandardServer.await A valid shutdown command was received via the shutdown port. Stopping the Server instance.
23-Mar-2021 21:50:55.218 INFO [main] org.apache.coyote.AbstractProtocol.pause Pausing ProtocolHandler ["http-nio-8080"]
23-Mar-2021 21:50:55.361 INFO [main] org.apache.coyote.AbstractProtocol.pause Pausing ProtocolHandler ["ajp-nio-8009"]
23-Mar-2021 21:50:55.484 INFO [main] org.apache.catalina.core.StandardService.stopInternal Stopping service [Catalina]
23-Mar-2021 21:50:55.500 WARNING [main] org.apache.catalina.loader.WebappClassLoaderBase.clearReferencesJdbc The web application [Contester] registered the JDBC driver [org.sqlite.JDBC] but failed to unregister it when the web application was stopped. To prevent a memory leak, the JDBC Driver has been forcibly unregistered.
23-Mar-2021 21:50:55.519 INFO [main] org.apache.coyote.AbstractProtocol.stop Stopping ProtocolHandler ["http-nio-8080"]
23-Mar-2021 21:50:55.519 INFO [main] org.apache.coyote.AbstractProtocol.stop Stopping ProtocolHandler ["ajp-nio-8009"]
23-Mar-2021 21:50:55.519 INFO [main] org.apache.coyote.AbstractProtocol.destroy Destroying ProtocolHandler ["http-nio-8080"]
23-Mar-2021 21:50:55.534 INFO [main] org.apache.coyote.AbstractProtocol.destroy Destroying ProtocolHandler ["ajp-nio-8009"]
