03-Mar-2021 16:00:49.786 INFO [main] org.apache.catalina.core.ApplicationContext.log ContextListener: contextInitialized()
03-Mar-2021 16:00:49.786 INFO [main] org.apache.catalina.core.ApplicationContext.log SessionListener: contextInitialized()
03-Mar-2021 16:00:49.786 INFO [main] org.apache.catalina.core.ApplicationContext.log ContextListener: attributeAdded('StockTicker', 'async.Stockticker@2f7a7219')
03-Mar-2021 16:05:12.999 INFO [main] org.apache.catalina.core.ApplicationContext.log SessionListener: contextDestroyed()
03-Mar-2021 16:05:12.999 INFO [main] org.apache.catalina.core.ApplicationContext.log ContextListener: contextDestroyed()
03-Mar-2021 16:05:17.749 INFO [main] org.apache.catalina.core.ApplicationContext.log ContextListener: contextInitialized()
03-Mar-2021 16:05:17.749 INFO [main] org.apache.catalina.core.ApplicationContext.log SessionListener: contextInitialized()
03-Mar-2021 16:05:17.752 INFO [main] org.apache.catalina.core.ApplicationContext.log ContextListener: attributeAdded('StockTicker', 'async.Stockticker@664a9613')
03-Mar-2021 16:10:15.000 INFO [main] org.apache.catalina.core.ApplicationContext.log SessionListener: contextDestroyed()
03-Mar-2021 16:10:15.000 INFO [main] org.apache.catalina.core.ApplicationContext.log ContextListener: contextDestroyed()
03-Mar-2021 17:26:40.759 INFO [main] org.apache.catalina.core.ApplicationContext.log ContextListener: contextInitialized()
03-Mar-2021 17:26:40.759 INFO [main] org.apache.catalina.core.ApplicationContext.log SessionListener: contextInitialized()
03-Mar-2021 17:26:40.759 INFO [main] org.apache.catalina.core.ApplicationContext.log ContextListener: attributeAdded('StockTicker', 'async.Stockticker@15a902e7')
03-Mar-2021 17:27:39.423 INFO [main] org.apache.catalina.core.ApplicationContext.log SessionListener: contextDestroyed()
03-Mar-2021 17:27:39.423 INFO [main] org.apache.catalina.core.ApplicationContext.log ContextListener: contextDestroyed()
03-Mar-2021 17:28:08.178 INFO [main] org.apache.catalina.core.ApplicationContext.log ContextListener: contextInitialized()
03-Mar-2021 17:28:08.178 INFO [main] org.apache.catalina.core.ApplicationContext.log SessionListener: contextInitialized()
03-Mar-2021 17:28:08.188 INFO [main] org.apache.catalina.core.ApplicationContext.log ContextListener: attributeAdded('StockTicker', 'async.Stockticker@15a902e7')
03-Mar-2021 17:29:27.193 INFO [main] org.apache.catalina.core.ApplicationContext.log SessionListener: contextDestroyed()
03-Mar-2021 17:29:27.193 INFO [main] org.apache.catalina.core.ApplicationContext.log ContextListener: contextDestroyed()
03-Mar-2021 17:30:04.521 INFO [main] org.apache.catalina.core.ApplicationContext.log ContextListener: contextInitialized()
03-Mar-2021 17:30:04.521 INFO [main] org.apache.catalina.core.ApplicationContext.log SessionListener: contextInitialized()
03-Mar-2021 17:30:04.531 INFO [main] org.apache.catalina.core.ApplicationContext.log ContextListener: attributeAdded('StockTicker', 'async.Stockticker@664a9613')
03-Mar-2021 17:35:46.262 INFO [main] org.apache.catalina.core.ApplicationContext.log SessionListener: contextDestroyed()
03-Mar-2021 17:35:46.262 INFO [main] org.apache.catalina.core.ApplicationContext.log ContextListener: contextDestroyed()
03-Mar-2021 17:35:57.812 INFO [main] org.apache.catalina.core.ApplicationContext.log ContextListener: contextInitialized()
03-Mar-2021 17:35:57.812 INFO [main] org.apache.catalina.core.ApplicationContext.log SessionListener: contextInitialized()
03-Mar-2021 17:35:57.822 INFO [main] org.apache.catalina.core.ApplicationContext.log ContextListener: attributeAdded('StockTicker', 'async.Stockticker@15a902e7')
03-Mar-2021 17:40:43.345 INFO [main] org.apache.catalina.core.ApplicationContext.log SessionListener: contextDestroyed()
03-Mar-2021 17:40:43.345 INFO [main] org.apache.catalina.core.ApplicationContext.log ContextListener: contextDestroyed()
03-Mar-2021 17:40:51.859 INFO [main] org.apache.catalina.core.ApplicationContext.log ContextListener: contextInitialized()
03-Mar-2021 17:40:51.859 INFO [main] org.apache.catalina.core.ApplicationContext.log SessionListener: contextInitialized()
03-Mar-2021 17:40:51.865 INFO [main] org.apache.catalina.core.ApplicationContext.log ContextListener: attributeAdded('StockTicker', 'async.Stockticker@664a9613')
03-Mar-2021 17:52:07.853 INFO [main] org.apache.catalina.core.ApplicationContext.log SessionListener: contextDestroyed()
03-Mar-2021 17:52:07.853 INFO [main] org.apache.catalina.core.ApplicationContext.log ContextListener: contextDestroyed()
03-Mar-2021 17:52:13.503 INFO [main] org.apache.catalina.core.ApplicationContext.log ContextListener: contextInitialized()
03-Mar-2021 17:52:13.503 INFO [main] org.apache.catalina.core.ApplicationContext.log SessionListener: contextInitialized()
03-Mar-2021 17:52:13.503 INFO [main] org.apache.catalina.core.ApplicationContext.log ContextListener: attributeAdded('StockTicker', 'async.Stockticker@15a902e7')
03-Mar-2021 17:59:12.956 INFO [main] org.apache.catalina.core.ApplicationContext.log SessionListener: contextDestroyed()
03-Mar-2021 17:59:12.956 INFO [main] org.apache.catalina.core.ApplicationContext.log ContextListener: contextDestroyed()
03-Mar-2021 18:08:55.882 INFO [main] org.apache.catalina.core.ApplicationContext.log ContextListener: contextInitialized()
03-Mar-2021 18:08:55.882 INFO [main] org.apache.catalina.core.ApplicationContext.log SessionListener: contextInitialized()
03-Mar-2021 18:08:55.882 INFO [main] org.apache.catalina.core.ApplicationContext.log ContextListener: attributeAdded('StockTicker', 'async.Stockticker@361c294e')
03-Mar-2021 18:11:48.995 INFO [main] org.apache.catalina.core.ApplicationContext.log SessionListener: contextDestroyed()
03-Mar-2021 18:11:48.995 INFO [main] org.apache.catalina.core.ApplicationContext.log ContextListener: contextDestroyed()
03-Mar-2021 18:12:12.990 INFO [main] org.apache.catalina.core.ApplicationContext.log ContextListener: contextInitialized()
03-Mar-2021 18:12:12.990 INFO [main] org.apache.catalina.core.ApplicationContext.log SessionListener: contextInitialized()
03-Mar-2021 18:12:12.990 INFO [main] org.apache.catalina.core.ApplicationContext.log ContextListener: attributeAdded('StockTicker', 'async.Stockticker@2cab9998')
03-Mar-2021 18:13:10.072 INFO [main] org.apache.catalina.core.ApplicationContext.log SessionListener: contextDestroyed()
03-Mar-2021 18:13:10.072 INFO [main] org.apache.catalina.core.ApplicationContext.log ContextListener: contextDestroyed()
03-Mar-2021 18:13:23.512 INFO [main] org.apache.catalina.core.ApplicationContext.log ContextListener: contextInitialized()
03-Mar-2021 18:13:23.512 INFO [main] org.apache.catalina.core.ApplicationContext.log SessionListener: contextInitialized()
03-Mar-2021 18:13:23.516 INFO [main] org.apache.catalina.core.ApplicationContext.log ContextListener: attributeAdded('StockTicker', 'async.Stockticker@361c294e')
03-Mar-2021 18:53:52.008 INFO [main] org.apache.catalina.core.ApplicationContext.log SessionListener: contextDestroyed()
03-Mar-2021 18:53:52.009 INFO [main] org.apache.catalina.core.ApplicationContext.log ContextListener: contextDestroyed()
03-Mar-2021 18:54:23.946 INFO [main] org.apache.catalina.core.ApplicationContext.log ContextListener: contextInitialized()
03-Mar-2021 18:54:23.946 INFO [main] org.apache.catalina.core.ApplicationContext.log SessionListener: contextInitialized()
03-Mar-2021 18:54:23.946 INFO [main] org.apache.catalina.core.ApplicationContext.log ContextListener: attributeAdded('StockTicker', 'async.Stockticker@15a902e7')
03-Mar-2021 18:55:26.091 INFO [main] org.apache.catalina.core.ApplicationContext.log SessionListener: contextDestroyed()
03-Mar-2021 18:55:26.091 INFO [main] org.apache.catalina.core.ApplicationContext.log ContextListener: contextDestroyed()
03-Mar-2021 18:55:43.336 INFO [main] org.apache.catalina.core.ApplicationContext.log ContextListener: contextInitialized()
03-Mar-2021 18:55:43.336 INFO [main] org.apache.catalina.core.ApplicationContext.log SessionListener: contextInitialized()
03-Mar-2021 18:55:43.346 INFO [main] org.apache.catalina.core.ApplicationContext.log ContextListener: attributeAdded('StockTicker', 'async.Stockticker@15a902e7')
03-Mar-2021 19:06:31.528 INFO [main] org.apache.catalina.core.ApplicationContext.log SessionListener: contextDestroyed()
03-Mar-2021 19:06:31.528 INFO [main] org.apache.catalina.core.ApplicationContext.log ContextListener: contextDestroyed()
03-Mar-2021 19:07:00.093 INFO [main] org.apache.catalina.core.ApplicationContext.log ContextListener: contextInitialized()
03-Mar-2021 19:07:00.093 INFO [main] org.apache.catalina.core.ApplicationContext.log SessionListener: contextInitialized()
03-Mar-2021 19:07:00.103 INFO [main] org.apache.catalina.core.ApplicationContext.log ContextListener: attributeAdded('StockTicker', 'async.Stockticker@15a902e7')
03-Mar-2021 19:41:47.294 INFO [main] org.apache.catalina.core.ApplicationContext.log SessionListener: contextDestroyed()
03-Mar-2021 19:41:47.294 INFO [main] org.apache.catalina.core.ApplicationContext.log ContextListener: contextDestroyed()
03-Mar-2021 19:41:51.482 INFO [main] org.apache.catalina.core.ApplicationContext.log ContextListener: contextInitialized()
03-Mar-2021 19:41:51.482 INFO [main] org.apache.catalina.core.ApplicationContext.log SessionListener: contextInitialized()
03-Mar-2021 19:41:51.482 INFO [main] org.apache.catalina.core.ApplicationContext.log ContextListener: attributeAdded('StockTicker', 'async.Stockticker@7876d598')
03-Mar-2021 19:46:26.305 INFO [main] org.apache.catalina.core.ApplicationContext.log SessionListener: contextDestroyed()
03-Mar-2021 19:46:26.305 INFO [main] org.apache.catalina.core.ApplicationContext.log ContextListener: contextDestroyed()
03-Mar-2021 19:46:36.731 INFO [main] org.apache.catalina.core.ApplicationContext.log ContextListener: contextInitialized()
03-Mar-2021 19:46:36.731 INFO [main] org.apache.catalina.core.ApplicationContext.log SessionListener: contextInitialized()
03-Mar-2021 19:46:36.747 INFO [main] org.apache.catalina.core.ApplicationContext.log ContextListener: attributeAdded('StockTicker', 'async.Stockticker@7876d598')
03-Mar-2021 19:50:10.546 INFO [main] org.apache.catalina.core.ApplicationContext.log SessionListener: contextDestroyed()
03-Mar-2021 19:50:10.546 INFO [main] org.apache.catalina.core.ApplicationContext.log ContextListener: contextDestroyed()
03-Mar-2021 19:50:21.436 INFO [main] org.apache.catalina.core.ApplicationContext.log ContextListener: contextInitialized()
03-Mar-2021 19:50:21.436 INFO [main] org.apache.catalina.core.ApplicationContext.log SessionListener: contextInitialized()
03-Mar-2021 19:50:21.436 INFO [main] org.apache.catalina.core.ApplicationContext.log ContextListener: attributeAdded('StockTicker', 'async.Stockticker@7876d598')
03-Mar-2021 20:08:02.496 INFO [main] org.apache.catalina.core.ApplicationContext.log SessionListener: contextDestroyed()
03-Mar-2021 20:08:02.496 INFO [main] org.apache.catalina.core.ApplicationContext.log ContextListener: contextDestroyed()
03-Mar-2021 20:21:07.750 INFO [main] org.apache.catalina.core.ApplicationContext.log ContextListener: contextInitialized()
03-Mar-2021 20:21:07.750 INFO [main] org.apache.catalina.core.ApplicationContext.log SessionListener: contextInitialized()
03-Mar-2021 20:21:07.753 INFO [main] org.apache.catalina.core.ApplicationContext.log ContextListener: attributeAdded('StockTicker', 'async.Stockticker@314b8f2d')
03-Mar-2021 20:24:58.909 INFO [main] org.apache.catalina.core.ApplicationContext.log SessionListener: contextDestroyed()
03-Mar-2021 20:24:58.909 INFO [main] org.apache.catalina.core.ApplicationContext.log ContextListener: contextDestroyed()
03-Mar-2021 20:25:21.368 INFO [main] org.apache.catalina.core.ApplicationContext.log ContextListener: contextInitialized()
03-Mar-2021 20:25:21.368 INFO [main] org.apache.catalina.core.ApplicationContext.log SessionListener: contextInitialized()
03-Mar-2021 20:25:21.368 INFO [main] org.apache.catalina.core.ApplicationContext.log ContextListener: attributeAdded('StockTicker', 'async.Stockticker@7876d598')
03-Mar-2021 20:28:09.153 INFO [main] org.apache.catalina.core.ApplicationContext.log SessionListener: contextDestroyed()
03-Mar-2021 20:28:09.153 INFO [main] org.apache.catalina.core.ApplicationContext.log ContextListener: contextDestroyed()
03-Mar-2021 20:28:29.053 INFO [main] org.apache.catalina.core.ApplicationContext.log ContextListener: contextInitialized()
03-Mar-2021 20:28:29.053 INFO [main] org.apache.catalina.core.ApplicationContext.log SessionListener: contextInitialized()
03-Mar-2021 20:28:29.053 INFO [main] org.apache.catalina.core.ApplicationContext.log ContextListener: attributeAdded('StockTicker', 'async.Stockticker@6bab2585')
03-Mar-2021 20:30:17.661 INFO [main] org.apache.catalina.core.ApplicationContext.log SessionListener: contextDestroyed()
03-Mar-2021 20:30:17.661 INFO [main] org.apache.catalina.core.ApplicationContext.log ContextListener: contextDestroyed()
03-Mar-2021 20:30:33.931 INFO [main] org.apache.catalina.core.ApplicationContext.log ContextListener: contextInitialized()
03-Mar-2021 20:30:33.931 INFO [main] org.apache.catalina.core.ApplicationContext.log SessionListener: contextInitialized()
03-Mar-2021 20:30:33.931 INFO [main] org.apache.catalina.core.ApplicationContext.log ContextListener: attributeAdded('StockTicker', 'async.Stockticker@55f3c410')
03-Mar-2021 20:32:01.897 INFO [main] org.apache.catalina.core.ApplicationContext.log SessionListener: contextDestroyed()
03-Mar-2021 20:32:01.898 INFO [main] org.apache.catalina.core.ApplicationContext.log ContextListener: contextDestroyed()
03-Mar-2021 20:32:53.017 INFO [main] org.apache.catalina.core.ApplicationContext.log ContextListener: contextInitialized()
03-Mar-2021 20:32:53.018 INFO [main] org.apache.catalina.core.ApplicationContext.log SessionListener: contextInitialized()
03-Mar-2021 20:32:53.021 INFO [main] org.apache.catalina.core.ApplicationContext.log ContextListener: attributeAdded('StockTicker', 'async.Stockticker@7859e786')
03-Mar-2021 20:36:01.725 INFO [main] org.apache.catalina.core.ApplicationContext.log SessionListener: contextDestroyed()
03-Mar-2021 20:36:01.725 INFO [main] org.apache.catalina.core.ApplicationContext.log ContextListener: contextDestroyed()
03-Mar-2021 20:36:13.295 INFO [main] org.apache.catalina.core.ApplicationContext.log ContextListener: contextInitialized()
03-Mar-2021 20:36:13.295 INFO [main] org.apache.catalina.core.ApplicationContext.log SessionListener: contextInitialized()
03-Mar-2021 20:36:13.299 INFO [main] org.apache.catalina.core.ApplicationContext.log ContextListener: attributeAdded('StockTicker', 'async.Stockticker@4a8a60bc')
03-Mar-2021 20:38:06.095 INFO [main] org.apache.catalina.core.ApplicationContext.log SessionListener: contextDestroyed()
03-Mar-2021 20:38:06.095 INFO [main] org.apache.catalina.core.ApplicationContext.log ContextListener: contextDestroyed()
03-Mar-2021 20:38:47.576 INFO [main] org.apache.catalina.core.ApplicationContext.log ContextListener: contextInitialized()
03-Mar-2021 20:38:47.576 INFO [main] org.apache.catalina.core.ApplicationContext.log SessionListener: contextInitialized()
03-Mar-2021 20:38:47.581 INFO [main] org.apache.catalina.core.ApplicationContext.log ContextListener: attributeAdded('StockTicker', 'async.Stockticker@7876d598')
03-Mar-2021 20:43:16.168 INFO [main] org.apache.catalina.core.ApplicationContext.log SessionListener: contextDestroyed()
03-Mar-2021 20:43:16.168 INFO [main] org.apache.catalina.core.ApplicationContext.log ContextListener: contextDestroyed()
03-Mar-2021 20:43:21.208 INFO [main] org.apache.catalina.core.ApplicationContext.log ContextListener: contextInitialized()
03-Mar-2021 20:43:21.208 INFO [main] org.apache.catalina.core.ApplicationContext.log SessionListener: contextInitialized()
03-Mar-2021 20:43:21.208 INFO [main] org.apache.catalina.core.ApplicationContext.log ContextListener: attributeAdded('StockTicker', 'async.Stockticker@4a8a60bc')
03-Mar-2021 20:45:45.006 INFO [main] org.apache.catalina.core.ApplicationContext.log SessionListener: contextDestroyed()
03-Mar-2021 20:45:45.006 INFO [main] org.apache.catalina.core.ApplicationContext.log ContextListener: contextDestroyed()
03-Mar-2021 20:46:03.455 INFO [main] org.apache.catalina.core.ApplicationContext.log ContextListener: contextInitialized()
03-Mar-2021 20:46:03.456 INFO [main] org.apache.catalina.core.ApplicationContext.log SessionListener: contextInitialized()
03-Mar-2021 20:46:03.461 INFO [main] org.apache.catalina.core.ApplicationContext.log ContextListener: attributeAdded('StockTicker', 'async.Stockticker@7876d598')
03-Mar-2021 20:49:16.723 INFO [main] org.apache.catalina.core.ApplicationContext.log SessionListener: contextDestroyed()
03-Mar-2021 20:49:16.723 INFO [main] org.apache.catalina.core.ApplicationContext.log ContextListener: contextDestroyed()
03-Mar-2021 20:52:10.253 INFO [main] org.apache.catalina.core.ApplicationContext.log ContextListener: contextInitialized()
03-Mar-2021 20:52:10.253 INFO [main] org.apache.catalina.core.ApplicationContext.log SessionListener: contextInitialized()
03-Mar-2021 20:52:10.253 INFO [main] org.apache.catalina.core.ApplicationContext.log ContextListener: attributeAdded('StockTicker', 'async.Stockticker@7876d598')
03-Mar-2021 20:55:21.553 INFO [main] org.apache.catalina.core.ApplicationContext.log SessionListener: contextDestroyed()
03-Mar-2021 20:55:21.553 INFO [main] org.apache.catalina.core.ApplicationContext.log ContextListener: contextDestroyed()
03-Mar-2021 21:00:34.347 INFO [main] org.apache.catalina.core.ApplicationContext.log ContextListener: contextInitialized()
03-Mar-2021 21:00:34.347 INFO [main] org.apache.catalina.core.ApplicationContext.log SessionListener: contextInitialized()
03-Mar-2021 21:00:34.352 INFO [main] org.apache.catalina.core.ApplicationContext.log ContextListener: attributeAdded('StockTicker', 'async.Stockticker@5118388b')
03-Mar-2021 21:02:14.954 INFO [main] org.apache.catalina.core.ApplicationContext.log SessionListener: contextDestroyed()
03-Mar-2021 21:02:14.954 INFO [main] org.apache.catalina.core.ApplicationContext.log ContextListener: contextDestroyed()
