23-Feb-2021 13:07:41.109 INFO [main] org.apache.catalina.core.ApplicationContext.log ContextListener: contextInitialized()
23-Feb-2021 13:07:41.109 INFO [main] org.apache.catalina.core.ApplicationContext.log SessionListener: contextInitialized()
23-Feb-2021 13:07:41.113 INFO [main] org.apache.catalina.core.ApplicationContext.log ContextListener: attributeAdded('StockTicker', 'async.Stockticker@314b8f2d')
23-Feb-2021 13:12:24.675 INFO [main] org.apache.catalina.core.ApplicationContext.log SessionListener: contextDestroyed()
23-Feb-2021 13:12:24.675 INFO [main] org.apache.catalina.core.ApplicationContext.log ContextListener: contextDestroyed()
23-Feb-2021 13:13:34.470 INFO [main] org.apache.catalina.core.ApplicationContext.log ContextListener: contextInitialized()
23-Feb-2021 13:13:34.470 INFO [main] org.apache.catalina.core.ApplicationContext.log SessionListener: contextInitialized()
23-Feb-2021 13:13:34.470 INFO [main] org.apache.catalina.core.ApplicationContext.log ContextListener: attributeAdded('StockTicker', 'async.Stockticker@4a8a60bc')
23-Feb-2021 13:14:39.370 INFO [main] org.apache.catalina.core.ApplicationContext.log SessionListener: contextDestroyed()
23-Feb-2021 13:14:39.370 INFO [main] org.apache.catalina.core.ApplicationContext.log ContextListener: contextDestroyed()
23-Feb-2021 14:01:08.631 INFO [main] org.apache.catalina.core.ApplicationContext.log ContextListener: contextInitialized()
23-Feb-2021 14:01:08.631 INFO [main] org.apache.catalina.core.ApplicationContext.log SessionListener: contextInitialized()
23-Feb-2021 14:01:08.636 INFO [main] org.apache.catalina.core.ApplicationContext.log ContextListener: attributeAdded('StockTicker', 'async.Stockticker@314b8f2d')
23-Feb-2021 14:26:01.359 INFO [main] org.apache.catalina.core.ApplicationContext.log SessionListener: contextDestroyed()
23-Feb-2021 14:26:01.359 INFO [main] org.apache.catalina.core.ApplicationContext.log ContextListener: contextDestroyed()
23-Feb-2021 14:28:12.960 INFO [main] org.apache.catalina.core.ApplicationContext.log ContextListener: contextInitialized()
23-Feb-2021 14:28:12.960 INFO [main] org.apache.catalina.core.ApplicationContext.log SessionListener: contextInitialized()
23-Feb-2021 14:28:12.970 INFO [main] org.apache.catalina.core.ApplicationContext.log ContextListener: attributeAdded('StockTicker', 'async.Stockticker@669513d8')
23-Feb-2021 14:34:07.756 INFO [main] org.apache.catalina.core.ApplicationContext.log SessionListener: contextDestroyed()
23-Feb-2021 14:34:07.756 INFO [main] org.apache.catalina.core.ApplicationContext.log ContextListener: contextDestroyed()
23-Feb-2021 14:34:47.016 INFO [main] org.apache.catalina.core.ApplicationContext.log ContextListener: contextInitialized()
23-Feb-2021 14:34:47.016 INFO [main] org.apache.catalina.core.ApplicationContext.log SessionListener: contextInitialized()
23-Feb-2021 14:34:47.021 INFO [main] org.apache.catalina.core.ApplicationContext.log ContextListener: attributeAdded('StockTicker', 'async.Stockticker@314b8f2d')
23-Feb-2021 14:36:07.690 INFO [main] org.apache.catalina.core.ApplicationContext.log SessionListener: contextDestroyed()
23-Feb-2021 14:36:07.690 INFO [main] org.apache.catalina.core.ApplicationContext.log ContextListener: contextDestroyed()
23-Feb-2021 14:38:22.666 INFO [main] org.apache.catalina.core.ApplicationContext.log ContextListener: contextInitialized()
23-Feb-2021 14:38:22.666 INFO [main] org.apache.catalina.core.ApplicationContext.log SessionListener: contextInitialized()
23-Feb-2021 14:38:22.666 INFO [main] org.apache.catalina.core.ApplicationContext.log ContextListener: attributeAdded('StockTicker', 'async.Stockticker@71c5b236')
23-Feb-2021 14:47:28.201 INFO [main] org.apache.catalina.core.ApplicationContext.log SessionListener: contextDestroyed()
23-Feb-2021 14:47:28.201 INFO [main] org.apache.catalina.core.ApplicationContext.log ContextListener: contextDestroyed()
23-Feb-2021 14:48:10.431 INFO [main] org.apache.catalina.core.ApplicationContext.log ContextListener: contextInitialized()
23-Feb-2021 14:48:10.431 INFO [main] org.apache.catalina.core.ApplicationContext.log SessionListener: contextInitialized()
23-Feb-2021 14:48:10.431 INFO [main] org.apache.catalina.core.ApplicationContext.log ContextListener: attributeAdded('StockTicker', 'async.Stockticker@2f162cc0')
23-Feb-2021 14:49:52.051 INFO [main] org.apache.catalina.core.ApplicationContext.log SessionListener: contextDestroyed()
23-Feb-2021 14:49:52.051 INFO [main] org.apache.catalina.core.ApplicationContext.log ContextListener: contextDestroyed()
23-Feb-2021 14:50:40.290 INFO [main] org.apache.catalina.core.ApplicationContext.log ContextListener: contextInitialized()
23-Feb-2021 14:50:40.290 INFO [main] org.apache.catalina.core.ApplicationContext.log SessionListener: contextInitialized()
23-Feb-2021 14:50:40.290 INFO [main] org.apache.catalina.core.ApplicationContext.log ContextListener: attributeAdded('StockTicker', 'async.Stockticker@2f162cc0')
23-Feb-2021 14:56:58.449 INFO [main] org.apache.catalina.core.ApplicationContext.log SessionListener: contextDestroyed()
23-Feb-2021 14:56:58.449 INFO [main] org.apache.catalina.core.ApplicationContext.log ContextListener: contextDestroyed()
23-Feb-2021 14:57:52.134 INFO [main] org.apache.catalina.core.ApplicationContext.log ContextListener: contextInitialized()
23-Feb-2021 14:57:52.134 INFO [main] org.apache.catalina.core.ApplicationContext.log SessionListener: contextInitialized()
23-Feb-2021 14:57:52.141 INFO [main] org.apache.catalina.core.ApplicationContext.log ContextListener: attributeAdded('StockTicker', 'async.Stockticker@7859e786')
23-Feb-2021 15:09:58.002 INFO [main] org.apache.catalina.core.ApplicationContext.log SessionListener: contextDestroyed()
23-Feb-2021 15:09:58.002 INFO [main] org.apache.catalina.core.ApplicationContext.log ContextListener: contextDestroyed()
