25-Mar-2021 17:54:23.839 INFO [main] org.apache.catalina.core.ApplicationContext.log ContextListener: contextInitialized()
25-Mar-2021 17:54:23.839 INFO [main] org.apache.catalina.core.ApplicationContext.log SessionListener: contextInitialized()
25-Mar-2021 17:54:23.854 INFO [main] org.apache.catalina.core.ApplicationContext.log ContextListener: attributeAdded('StockTicker', 'async.Stockticker@11acdc30')
25-Mar-2021 19:10:51.865 INFO [main] org.apache.catalina.core.ApplicationContext.log SessionListener: contextDestroyed()
25-Mar-2021 19:10:51.865 INFO [main] org.apache.catalina.core.ApplicationContext.log ContextListener: contextDestroyed()
25-Mar-2021 19:36:58.392 INFO [main] org.apache.catalina.core.ApplicationContext.log ContextListener: contextInitialized()
25-Mar-2021 19:36:58.392 INFO [main] org.apache.catalina.core.ApplicationContext.log SessionListener: contextInitialized()
25-Mar-2021 19:36:58.392 INFO [main] org.apache.catalina.core.ApplicationContext.log ContextListener: attributeAdded('StockTicker', 'async.Stockticker@7876d598')
25-Mar-2021 19:37:32.263 SEVERE [http-nio-8080-exec-9] org.apache.catalina.core.StandardWrapperValve.invoke Servlet.service() for servlet [com.example.generator.Generate] in context with path [/Contester] threw exception
	java.io.FileNotFoundException: C:\Users\Public\Documents\Contester\apache-tomcat-9.0.27\webapps\Contester\User\2\contest.jsp (Системе не удается найти указанный путь)
		at java.base/java.io.FileOutputStream.open0(Native Method)
		at java.base/java.io.FileOutputStream.open(FileOutputStream.java:292)
		at java.base/java.io.FileOutputStream.<init>(FileOutputStream.java:235)
		at java.base/java.io.FileOutputStream.<init>(FileOutputStream.java:124)
		at com.example.generator.MainPageGenerator.generate(MainPageGenerator.java:26)
		at com.example.generator.Generator.start(Generator.java:21)
		at com.example.generator.Generate.doPost(Generate.java:27)
		at javax.servlet.http.HttpServlet.service(HttpServlet.java:660)
		at javax.servlet.http.HttpServlet.service(HttpServlet.java:741)
		at org.apache.catalina.core.ApplicationFilterChain.internalDoFilter(ApplicationFilterChain.java:231)
		at org.apache.catalina.core.ApplicationFilterChain.doFilter(ApplicationFilterChain.java:166)
		at org.apache.tomcat.websocket.server.WsFilter.doFilter(WsFilter.java:53)
		at org.apache.catalina.core.ApplicationFilterChain.internalDoFilter(ApplicationFilterChain.java:193)
		at org.apache.catalina.core.ApplicationFilterChain.doFilter(ApplicationFilterChain.java:166)
		at org.apache.catalina.core.StandardWrapperValve.invoke(StandardWrapperValve.java:202)
		at org.apache.catalina.core.StandardContextValve.invoke(StandardContextValve.java:96)
		at org.apache.catalina.authenticator.AuthenticatorBase.invoke(AuthenticatorBase.java:526)
		at org.apache.catalina.core.StandardHostValve.invoke(StandardHostValve.java:139)
		at org.apache.catalina.valves.ErrorReportValve.invoke(ErrorReportValve.java:92)
		at org.apache.catalina.valves.AbstractAccessLogValve.invoke(AbstractAccessLogValve.java:678)
		at org.apache.catalina.core.StandardEngineValve.invoke(StandardEngineValve.java:74)
		at org.apache.catalina.connector.CoyoteAdapter.service(CoyoteAdapter.java:343)
		at org.apache.coyote.http11.Http11Processor.service(Http11Processor.java:408)
		at org.apache.coyote.AbstractProcessorLight.process(AbstractProcessorLight.java:66)
		at org.apache.coyote.AbstractProtocol$ConnectionHandler.process(AbstractProtocol.java:861)
		at org.apache.tomcat.util.net.NioEndpoint$SocketProcessor.doRun(NioEndpoint.java:1579)
		at org.apache.tomcat.util.net.SocketProcessorBase.run(SocketProcessorBase.java:49)
		at java.base/java.util.concurrent.ThreadPoolExecutor.runWorker(ThreadPoolExecutor.java:1128)
		at java.base/java.util.concurrent.ThreadPoolExecutor$Worker.run(ThreadPoolExecutor.java:628)
		at org.apache.tomcat.util.threads.TaskThread$WrappingRunnable.run(TaskThread.java:61)
		at java.base/java.lang.Thread.run(Thread.java:830)
25-Mar-2021 19:37:38.630 SEVERE [http-nio-8080-exec-10] org.apache.catalina.core.StandardWrapperValve.invoke Servlet.service() for servlet [com.example.generator.Generate] in context with path [/Contester] threw exception
	java.io.FileNotFoundException: C:\Users\Public\Documents\Contester\apache-tomcat-9.0.27\webapps\Contester\User\2\contest.jsp (Системе не удается найти указанный путь)
		at java.base/java.io.FileOutputStream.open0(Native Method)
		at java.base/java.io.FileOutputStream.open(FileOutputStream.java:292)
		at java.base/java.io.FileOutputStream.<init>(FileOutputStream.java:235)
		at java.base/java.io.FileOutputStream.<init>(FileOutputStream.java:124)
		at com.example.generator.MainPageGenerator.generate(MainPageGenerator.java:26)
		at com.example.generator.Generator.start(Generator.java:21)
		at com.example.generator.Generate.doPost(Generate.java:27)
		at javax.servlet.http.HttpServlet.service(HttpServlet.java:660)
		at javax.servlet.http.HttpServlet.service(HttpServlet.java:741)
		at org.apache.catalina.core.ApplicationFilterChain.internalDoFilter(ApplicationFilterChain.java:231)
		at org.apache.catalina.core.ApplicationFilterChain.doFilter(ApplicationFilterChain.java:166)
		at org.apache.tomcat.websocket.server.WsFilter.doFilter(WsFilter.java:53)
		at org.apache.catalina.core.ApplicationFilterChain.internalDoFilter(ApplicationFilterChain.java:193)
		at org.apache.catalina.core.ApplicationFilterChain.doFilter(ApplicationFilterChain.java:166)
		at org.apache.catalina.core.StandardWrapperValve.invoke(StandardWrapperValve.java:202)
		at org.apache.catalina.core.StandardContextValve.invoke(StandardContextValve.java:96)
		at org.apache.catalina.authenticator.AuthenticatorBase.invoke(AuthenticatorBase.java:526)
		at org.apache.catalina.core.StandardHostValve.invoke(StandardHostValve.java:139)
		at org.apache.catalina.valves.ErrorReportValve.invoke(ErrorReportValve.java:92)
		at org.apache.catalina.valves.AbstractAccessLogValve.invoke(AbstractAccessLogValve.java:678)
		at org.apache.catalina.core.StandardEngineValve.invoke(StandardEngineValve.java:74)
		at org.apache.catalina.connector.CoyoteAdapter.service(CoyoteAdapter.java:343)
		at org.apache.coyote.http11.Http11Processor.service(Http11Processor.java:408)
		at org.apache.coyote.AbstractProcessorLight.process(AbstractProcessorLight.java:66)
		at org.apache.coyote.AbstractProtocol$ConnectionHandler.process(AbstractProtocol.java:861)
		at org.apache.tomcat.util.net.NioEndpoint$SocketProcessor.doRun(NioEndpoint.java:1579)
		at org.apache.tomcat.util.net.SocketProcessorBase.run(SocketProcessorBase.java:49)
		at java.base/java.util.concurrent.ThreadPoolExecutor.runWorker(ThreadPoolExecutor.java:1128)
		at java.base/java.util.concurrent.ThreadPoolExecutor$Worker.run(ThreadPoolExecutor.java:628)
		at org.apache.tomcat.util.threads.TaskThread$WrappingRunnable.run(TaskThread.java:61)
		at java.base/java.lang.Thread.run(Thread.java:830)
25-Mar-2021 19:38:35.314 SEVERE [http-nio-8080-exec-5] org.apache.catalina.core.StandardWrapperValve.invoke Servlet.service() for servlet [com.example.generator.Generate] in context with path [/Contester] threw exception
	java.io.FileNotFoundException: C:\Users\Public\Documents\Contester\apache-tomcat-9.0.27\webapps\Contester\User\2\contest.jsp (Системе не удается найти указанный путь)
		at java.base/java.io.FileOutputStream.open0(Native Method)
		at java.base/java.io.FileOutputStream.open(FileOutputStream.java:292)
		at java.base/java.io.FileOutputStream.<init>(FileOutputStream.java:235)
		at java.base/java.io.FileOutputStream.<init>(FileOutputStream.java:124)
		at com.example.generator.MainPageGenerator.generate(MainPageGenerator.java:26)
		at com.example.generator.Generator.start(Generator.java:21)
		at com.example.generator.Generate.doPost(Generate.java:27)
		at javax.servlet.http.HttpServlet.service(HttpServlet.java:660)
		at javax.servlet.http.HttpServlet.service(HttpServlet.java:741)
		at org.apache.catalina.core.ApplicationFilterChain.internalDoFilter(ApplicationFilterChain.java:231)
		at org.apache.catalina.core.ApplicationFilterChain.doFilter(ApplicationFilterChain.java:166)
		at org.apache.tomcat.websocket.server.WsFilter.doFilter(WsFilter.java:53)
		at org.apache.catalina.core.ApplicationFilterChain.internalDoFilter(ApplicationFilterChain.java:193)
		at org.apache.catalina.core.ApplicationFilterChain.doFilter(ApplicationFilterChain.java:166)
		at org.apache.catalina.core.StandardWrapperValve.invoke(StandardWrapperValve.java:202)
		at org.apache.catalina.core.StandardContextValve.invoke(StandardContextValve.java:96)
		at org.apache.catalina.authenticator.AuthenticatorBase.invoke(AuthenticatorBase.java:526)
		at org.apache.catalina.core.StandardHostValve.invoke(StandardHostValve.java:139)
		at org.apache.catalina.valves.ErrorReportValve.invoke(ErrorReportValve.java:92)
		at org.apache.catalina.valves.AbstractAccessLogValve.invoke(AbstractAccessLogValve.java:678)
		at org.apache.catalina.core.StandardEngineValve.invoke(StandardEngineValve.java:74)
		at org.apache.catalina.connector.CoyoteAdapter.service(CoyoteAdapter.java:343)
		at org.apache.coyote.http11.Http11Processor.service(Http11Processor.java:408)
		at org.apache.coyote.AbstractProcessorLight.process(AbstractProcessorLight.java:66)
		at org.apache.coyote.AbstractProtocol$ConnectionHandler.process(AbstractProtocol.java:861)
		at org.apache.tomcat.util.net.NioEndpoint$SocketProcessor.doRun(NioEndpoint.java:1579)
		at org.apache.tomcat.util.net.SocketProcessorBase.run(SocketProcessorBase.java:49)
		at java.base/java.util.concurrent.ThreadPoolExecutor.runWorker(ThreadPoolExecutor.java:1128)
		at java.base/java.util.concurrent.ThreadPoolExecutor$Worker.run(ThreadPoolExecutor.java:628)
		at org.apache.tomcat.util.threads.TaskThread$WrappingRunnable.run(TaskThread.java:61)
		at java.base/java.lang.Thread.run(Thread.java:830)
25-Mar-2021 19:40:04.415 INFO [main] org.apache.catalina.core.ApplicationContext.log SessionListener: contextDestroyed()
25-Mar-2021 19:40:04.415 INFO [main] org.apache.catalina.core.ApplicationContext.log ContextListener: contextDestroyed()
25-Mar-2021 19:40:19.563 INFO [main] org.apache.catalina.core.ApplicationContext.log ContextListener: contextInitialized()
25-Mar-2021 19:40:19.563 INFO [main] org.apache.catalina.core.ApplicationContext.log SessionListener: contextInitialized()
25-Mar-2021 19:40:19.563 INFO [main] org.apache.catalina.core.ApplicationContext.log ContextListener: attributeAdded('StockTicker', 'async.Stockticker@61078690')
25-Mar-2021 19:56:44.341 INFO [main] org.apache.catalina.core.ApplicationContext.log SessionListener: contextDestroyed()
25-Mar-2021 19:56:44.341 INFO [main] org.apache.catalina.core.ApplicationContext.log ContextListener: contextDestroyed()
25-Mar-2021 19:57:08.695 INFO [main] org.apache.catalina.core.ApplicationContext.log ContextListener: contextInitialized()
25-Mar-2021 19:57:08.695 INFO [main] org.apache.catalina.core.ApplicationContext.log SessionListener: contextInitialized()
25-Mar-2021 19:57:08.699 INFO [main] org.apache.catalina.core.ApplicationContext.log ContextListener: attributeAdded('StockTicker', 'async.Stockticker@5118388b')
25-Mar-2021 20:01:37.178 INFO [main] org.apache.catalina.core.ApplicationContext.log SessionListener: contextDestroyed()
25-Mar-2021 20:01:37.178 INFO [main] org.apache.catalina.core.ApplicationContext.log ContextListener: contextDestroyed()
25-Mar-2021 20:01:50.679 INFO [main] org.apache.catalina.core.ApplicationContext.log ContextListener: contextInitialized()
25-Mar-2021 20:01:50.679 INFO [main] org.apache.catalina.core.ApplicationContext.log SessionListener: contextInitialized()
25-Mar-2021 20:01:50.683 INFO [main] org.apache.catalina.core.ApplicationContext.log ContextListener: attributeAdded('StockTicker', 'async.Stockticker@4a8a60bc')
25-Mar-2021 20:15:47.370 INFO [main] org.apache.catalina.core.ApplicationContext.log SessionListener: contextDestroyed()
25-Mar-2021 20:15:47.371 INFO [main] org.apache.catalina.core.ApplicationContext.log ContextListener: contextDestroyed()
25-Mar-2021 20:16:07.193 INFO [main] org.apache.catalina.core.ApplicationContext.log ContextListener: contextInitialized()
25-Mar-2021 20:16:07.193 INFO [main] org.apache.catalina.core.ApplicationContext.log SessionListener: contextInitialized()
25-Mar-2021 20:16:07.208 INFO [main] org.apache.catalina.core.ApplicationContext.log ContextListener: attributeAdded('StockTicker', 'async.Stockticker@71c5b236')
25-Mar-2021 20:19:51.607 INFO [main] org.apache.catalina.core.ApplicationContext.log SessionListener: contextDestroyed()
25-Mar-2021 20:19:51.607 INFO [main] org.apache.catalina.core.ApplicationContext.log ContextListener: contextDestroyed()
25-Mar-2021 20:20:11.101 INFO [main] org.apache.catalina.core.ApplicationContext.log ContextListener: contextInitialized()
25-Mar-2021 20:20:11.101 INFO [main] org.apache.catalina.core.ApplicationContext.log SessionListener: contextInitialized()
25-Mar-2021 20:20:11.101 INFO [main] org.apache.catalina.core.ApplicationContext.log ContextListener: attributeAdded('StockTicker', 'async.Stockticker@15a902e7')
25-Mar-2021 20:28:24.861 INFO [main] org.apache.catalina.core.ApplicationContext.log SessionListener: contextDestroyed()
25-Mar-2021 20:28:24.861 INFO [main] org.apache.catalina.core.ApplicationContext.log ContextListener: contextDestroyed()
25-Mar-2021 20:28:40.138 INFO [main] org.apache.catalina.core.ApplicationContext.log ContextListener: contextInitialized()
25-Mar-2021 20:28:40.138 INFO [main] org.apache.catalina.core.ApplicationContext.log SessionListener: contextInitialized()
25-Mar-2021 20:28:40.138 INFO [main] org.apache.catalina.core.ApplicationContext.log ContextListener: attributeAdded('StockTicker', 'async.Stockticker@314b8f2d')
25-Mar-2021 20:32:51.013 INFO [main] org.apache.catalina.core.ApplicationContext.log SessionListener: contextDestroyed()
25-Mar-2021 20:32:51.013 INFO [main] org.apache.catalina.core.ApplicationContext.log ContextListener: contextDestroyed()
25-Mar-2021 20:33:32.734 INFO [main] org.apache.catalina.core.ApplicationContext.log ContextListener: contextInitialized()
25-Mar-2021 20:33:32.734 INFO [main] org.apache.catalina.core.ApplicationContext.log SessionListener: contextInitialized()
25-Mar-2021 20:33:32.734 INFO [main] org.apache.catalina.core.ApplicationContext.log ContextListener: attributeAdded('StockTicker', 'async.Stockticker@7876d598')
25-Mar-2021 20:40:02.549 INFO [main] org.apache.catalina.core.ApplicationContext.log SessionListener: contextDestroyed()
25-Mar-2021 20:40:02.549 INFO [main] org.apache.catalina.core.ApplicationContext.log ContextListener: contextDestroyed()
25-Mar-2021 20:40:22.001 INFO [main] org.apache.catalina.core.ApplicationContext.log ContextListener: contextInitialized()
25-Mar-2021 20:40:22.001 INFO [main] org.apache.catalina.core.ApplicationContext.log SessionListener: contextInitialized()
25-Mar-2021 20:40:22.001 INFO [main] org.apache.catalina.core.ApplicationContext.log ContextListener: attributeAdded('StockTicker', 'async.Stockticker@7859e786')
25-Mar-2021 20:47:06.810 INFO [main] org.apache.catalina.core.ApplicationContext.log SessionListener: contextDestroyed()
25-Mar-2021 20:47:06.810 INFO [main] org.apache.catalina.core.ApplicationContext.log ContextListener: contextDestroyed()
25-Mar-2021 20:48:03.602 INFO [main] org.apache.catalina.core.ApplicationContext.log ContextListener: contextInitialized()
25-Mar-2021 20:48:03.603 INFO [main] org.apache.catalina.core.ApplicationContext.log SessionListener: contextInitialized()
25-Mar-2021 20:48:03.606 INFO [main] org.apache.catalina.core.ApplicationContext.log ContextListener: attributeAdded('StockTicker', 'async.Stockticker@4a8a60bc')
25-Mar-2021 20:53:58.886 INFO [main] org.apache.catalina.core.ApplicationContext.log SessionListener: contextDestroyed()
25-Mar-2021 20:53:58.886 INFO [main] org.apache.catalina.core.ApplicationContext.log ContextListener: contextDestroyed()
25-Mar-2021 20:54:04.138 INFO [main] org.apache.catalina.core.ApplicationContext.log ContextListener: contextInitialized()
25-Mar-2021 20:54:04.138 INFO [main] org.apache.catalina.core.ApplicationContext.log SessionListener: contextInitialized()
25-Mar-2021 20:54:04.141 INFO [main] org.apache.catalina.core.ApplicationContext.log ContextListener: attributeAdded('StockTicker', 'async.Stockticker@55f3c410')
25-Mar-2021 22:05:58.626 INFO [main] org.apache.catalina.core.ApplicationContext.log SessionListener: contextDestroyed()
25-Mar-2021 22:05:58.626 INFO [main] org.apache.catalina.core.ApplicationContext.log ContextListener: contextDestroyed()
